<?xml version="1.0" encoding="UTF-8"?>
<coverage generated="1613916539039" clover="3.2.0">
  <project timestamp="1613916539040" name="All files">
    <metrics statements="184" coveredstatements="171" conditionals="213" coveredconditionals="127" methods="63" coveredmethods="52" elements="460" coveredelements="350" complexity="0" loc="184" ncloc="184" packages="8" files="13" classes="13"/>
    <package name="WeatherApp">
      <metrics statements="19" coveredstatements="19" conditionals="4" coveredconditionals="4" methods="2" coveredmethods="2"/>
      <file name="App.js" path="/Volumes/My Mac/WorkspaceReactNative/WeatherApp/App.js">
        <metrics statements="17" coveredstatements="17" conditionals="4" coveredconditionals="4" methods="2" coveredmethods="2"/>
        <line num="1" count="1" type="stmt"/>
        <line num="8" count="1" type="stmt"/>
        <line num="9" count="1" type="stmt"/>
        <line num="10" count="1" type="stmt"/>
        <line num="11" count="1" type="stmt"/>
        <line num="12" count="1" type="stmt"/>
        <line num="13" count="1" type="stmt"/>
        <line num="14" count="1" type="stmt"/>
        <line num="15" count="1" type="stmt"/>
        <line num="16" count="1" type="stmt"/>
        <line num="17" count="5" type="cond" truecount="4" falsecount="0"/>
        <line num="19" count="1" type="stmt"/>
        <line num="23" count="1" type="stmt"/>
        <line num="24" count="1" type="stmt"/>
        <line num="26" count="1" type="stmt"/>
        <line num="27" count="1" type="stmt"/>
        <line num="34" count="1" type="stmt"/>
      </file>
      <file name="config.js" path="/Volumes/My Mac/WorkspaceReactNative/WeatherApp/config.js">
        <metrics statements="2" coveredstatements="2" conditionals="0" coveredconditionals="0" methods="0" coveredmethods="0"/>
        <line num="1" count="4" type="stmt"/>
        <line num="6" count="4" type="stmt"/>
      </file>
    </package>
    <package name="WeatherApp.src.components">
      <metrics statements="36" coveredstatements="36" conditionals="21" coveredconditionals="19" methods="7" coveredmethods="7"/>
      <file name="weatherInfo.js" path="/Volumes/My Mac/WorkspaceReactNative/WeatherApp/src/components/weatherInfo.js">
        <metrics statements="36" coveredstatements="36" conditionals="21" coveredconditionals="19" methods="7" coveredmethods="7"/>
        <line num="1" count="3" type="stmt"/>
        <line num="2" count="3" type="stmt"/>
        <line num="3" count="3" type="stmt"/>
        <line num="4" count="3" type="stmt"/>
        <line num="5" count="3" type="stmt"/>
        <line num="6" count="3" type="stmt"/>
        <line num="7" count="3" type="stmt"/>
        <line num="8" count="18" type="cond" truecount="4" falsecount="0"/>
        <line num="17" count="3" type="stmt"/>
        <line num="18" count="7" type="stmt"/>
        <line num="19" count="7" type="stmt"/>
        <line num="22" count="7" type="cond" truecount="7" falsecount="0"/>
        <line num="24" count="1" type="cond" truecount="1" falsecount="1"/>
        <line num="27" count="1" type="stmt"/>
        <line num="29" count="1" type="stmt"/>
        <line num="30" count="1" type="stmt"/>
        <line num="32" count="1" type="stmt"/>
        <line num="33" count="1" type="stmt"/>
        <line num="35" count="1" type="cond" truecount="1" falsecount="1"/>
        <line num="38" count="1" type="stmt"/>
        <line num="40" count="1" type="stmt"/>
        <line num="41" count="1" type="stmt"/>
        <line num="43" count="1" type="stmt"/>
        <line num="44" count="1" type="stmt"/>
        <line num="46" count="1" type="stmt"/>
        <line num="47" count="1" type="stmt"/>
        <line num="49" count="7" type="stmt"/>
        <line num="58" count="9" type="stmt"/>
        <line num="72" count="7" type="stmt"/>
        <line num="94" count="1" type="stmt"/>
        <line num="106" count="3" type="stmt"/>
        <line num="113" count="3" type="stmt"/>
        <line num="114" count="11" type="stmt"/>
        <line num="115" count="11" type="cond" truecount="2" falsecount="0"/>
        <line num="118" count="11" type="stmt"/>
        <line num="128" count="3" type="stmt"/>
      </file>
    </package>
    <package name="WeatherApp.src.constants">
      <metrics statements="7" coveredstatements="7" conditionals="4" coveredconditionals="3" methods="1" coveredmethods="1"/>
      <file name="colors.js" path="/Volumes/My Mac/WorkspaceReactNative/WeatherApp/src/constants/colors.js">
        <metrics statements="2" coveredstatements="2" conditionals="0" coveredconditionals="0" methods="0" coveredmethods="0"/>
        <line num="1" count="4" type="stmt"/>
        <line num="8" count="4" type="stmt"/>
      </file>
      <file name="styles.js" path="/Volumes/My Mac/WorkspaceReactNative/WeatherApp/src/constants/styles.js">
        <metrics statements="5" coveredstatements="5" conditionals="4" coveredconditionals="3" methods="1" coveredmethods="1"/>
        <line num="1" count="4" type="stmt"/>
        <line num="2" count="4" type="stmt"/>
        <line num="3" count="4" type="cond" truecount="3" falsecount="1"/>
        <line num="5" count="4" type="stmt"/>
        <line num="127" count="4" type="stmt"/>
      </file>
    </package>
    <package name="WeatherApp.src.navigation">
      <metrics statements="12" coveredstatements="12" conditionals="8" coveredconditionals="7" methods="3" coveredmethods="3"/>
      <file name="NavigationContainer.js" path="/Volumes/My Mac/WorkspaceReactNative/WeatherApp/src/navigation/NavigationContainer.js">
        <metrics statements="5" coveredstatements="5" conditionals="4" coveredconditionals="4" methods="2" coveredmethods="2"/>
        <line num="1" count="1" type="stmt"/>
        <line num="2" count="2" type="cond" truecount="4" falsecount="0"/>
        <line num="4" count="1" type="stmt"/>
        <line num="5" count="1" type="stmt"/>
        <line num="8" count="1" type="stmt"/>
      </file>
      <file name="WeatherNavigator.js" path="/Volumes/My Mac/WorkspaceReactNative/WeatherApp/src/navigation/WeatherNavigator.js">
        <metrics statements="7" coveredstatements="7" conditionals="4" coveredconditionals="3" methods="1" coveredmethods="1"/>
        <line num="1" count="1" type="stmt"/>
        <line num="2" count="1" type="stmt"/>
        <line num="3" count="1" type="stmt"/>
        <line num="4" count="1" type="stmt"/>
        <line num="5" count="3" type="cond" truecount="3" falsecount="1"/>
        <line num="7" count="1" type="stmt"/>
        <line num="25" count="1" type="stmt"/>
      </file>
    </package>
    <package name="WeatherApp.src.screens">
      <metrics statements="41" coveredstatements="33" conditionals="120" coveredconditionals="50" methods="25" coveredmethods="16"/>
      <file name="FetchWeatherScreen.js" path="/Volumes/My Mac/WorkspaceReactNative/WeatherApp/src/screens/FetchWeatherScreen.js">
        <metrics statements="21" coveredstatements="17" conditionals="38" coveredconditionals="23" methods="10" coveredmethods="6"/>
        <line num="1" count="2" type="stmt"/>
        <line num="2" count="2" type="stmt"/>
        <line num="3" count="2" type="stmt"/>
        <line num="4" count="2" type="stmt"/>
        <line num="5" count="2" type="stmt"/>
        <line num="6" count="2" type="stmt"/>
        <line num="7" count="56" type="cond" truecount="23" falsecount="9"/>
        <line num="9" count="2" type="stmt"/>
        <line num="10" count="2" type="stmt"/>
        <line num="11" count="1" type="stmt"/>
        <line num="12" count="1" type="stmt"/>
        <line num="14" count="1" type="stmt"/>
        <line num="15" count="0" type="stmt"/>
        <line num="18" count="1" type="cond" truecount="0" falsecount="4"/>
        <line num="19" count="0" type="stmt"/>
        <line num="20" count="0" type="cond" truecount="0" falsecount="2"/>
        <line num="21" count="0" type="stmt"/>
        <line num="24" count="1" type="stmt"/>
        <line num="35" count="2" type="stmt"/>
        <line num="36" count="1" type="stmt"/>
        <line num="41" count="2" type="stmt"/>
      </file>
      <file name="PincodeScreen.js" path="/Volumes/My Mac/WorkspaceReactNative/WeatherApp/src/screens/PincodeScreen.js">
        <metrics statements="20" coveredstatements="16" conditionals="82" coveredconditionals="27" methods="15" coveredmethods="10"/>
        <line num="1" count="2" type="stmt"/>
        <line num="2" count="2" type="stmt"/>
        <line num="3" count="2" type="stmt"/>
        <line num="4" count="2" type="stmt"/>
        <line num="5" count="56" type="cond" truecount="24" falsecount="48"/>
        <line num="10" count="2" type="stmt"/>
        <line num="11" count="15" type="stmt"/>
        <line num="12" count="15" type="stmt"/>
        <line num="13" count="2" type="cond" truecount="1" falsecount="1"/>
        <line num="14" count="2" type="stmt"/>
        <line num="15" count="2" type="stmt"/>
        <line num="16" count="0" type="cond" truecount="0" falsecount="4"/>
        <line num="17" count="0" type="stmt"/>
        <line num="18" count="0" type="stmt"/>
        <line num="20" count="0" type="stmt"/>
        <line num="22" count="15" type="stmt"/>
        <line num="37" count="1" type="stmt"/>
        <line num="38" count="1" type="stmt"/>
        <line num="49" count="1" type="stmt"/>
        <line num="64" count="2" type="stmt"/>
      </file>
    </package>
    <package name="WeatherApp.src.store.actions">
      <metrics statements="44" coveredstatements="39" conditionals="20" coveredconditionals="17" methods="12" coveredmethods="12"/>
      <file name="search.js" path="/Volumes/My Mac/WorkspaceReactNative/WeatherApp/src/store/actions/search.js">
        <metrics statements="44" coveredstatements="39" conditionals="20" coveredconditionals="17" methods="12" coveredmethods="12"/>
        <line num="1" count="4" type="stmt"/>
        <line num="3" count="4" type="stmt"/>
        <line num="4" count="4" type="stmt"/>
        <line num="5" count="12" type="cond" truecount="4" falsecount="0"/>
        <line num="7" count="4" type="stmt"/>
        <line num="8" count="4" type="stmt"/>
        <line num="9" count="4" type="stmt"/>
        <line num="20" count="4" type="stmt"/>
        <line num="21" count="3" type="stmt"/>
        <line num="25" count="4" type="stmt"/>
        <line num="32" count="4" type="stmt"/>
        <line num="33" count="3" type="stmt"/>
        <line num="37" count="4" type="stmt"/>
        <line num="44" count="4" type="stmt"/>
        <line num="45" count="4" type="stmt"/>
        <line num="49" count="4" type="stmt"/>
        <line num="57" count="4" type="stmt"/>
        <line num="58" count="3" type="cond" truecount="4" falsecount="1"/>
        <line num="59" count="1" type="stmt"/>
        <line num="60" count="1" type="stmt"/>
        <line num="63" count="1" type="stmt"/>
        <line num="67" count="1" type="stmt"/>
        <line num="68" count="1" type="stmt"/>
        <line num="69" count="1" type="stmt"/>
        <line num="70" count="1" type="stmt"/>
        <line num="73" count="0" type="stmt"/>
        <line num="74" count="0" type="stmt"/>
        <line num="75" count="0" type="stmt"/>
        <line num="76" count="1" type="stmt"/>
        <line num="79" count="4" type="stmt"/>
        <line num="86" count="4" type="stmt"/>
        <line num="87" count="2" type="cond" truecount="4" falsecount="0"/>
        <line num="88" count="1" type="stmt"/>
        <line num="89" count="1" type="cond" truecount="1" falsecount="1"/>
        <line num="90" count="0" type="stmt"/>
        <line num="91" count="0" type="stmt"/>
        <line num="93" count="1" type="stmt"/>
        <line num="94" count="1" type="stmt"/>
        <line num="95" count="1" type="stmt"/>
        <line num="96" count="1" type="stmt"/>
        <line num="98" count="4" type="stmt"/>
        <line num="105" count="4" type="cond" truecount="4" falsecount="1"/>
        <line num="107" count="1" type="stmt"/>
        <line num="109" count="1" type="stmt"/>
      </file>
    </package>
    <package name="WeatherApp.src.store.reducers">
      <metrics statements="9" coveredstatements="9" conditionals="12" coveredconditionals="11" methods="1" coveredmethods="1"/>
      <file name="search.js" path="/Volumes/My Mac/WorkspaceReactNative/WeatherApp/src/store/reducers/search.js">
        <metrics statements="9" coveredstatements="9" conditionals="12" coveredconditionals="11" methods="1" coveredmethods="1"/>
        <line num="1" count="2" type="stmt"/>
        <line num="7" count="2" type="stmt"/>
        <line num="13" count="8" type="cond" truecount="7" falsecount="1"/>
        <line num="14" count="8" type="cond" truecount="4" falsecount="0"/>
        <line num="17" count="1" type="stmt"/>
        <line num="22" count="1" type="stmt"/>
        <line num="27" count="1" type="stmt"/>
        <line num="33" count="5" type="stmt"/>
        <line num="37" count="2" type="stmt"/>
      </file>
    </package>
    <package name="WeatherApp.src.utils">
      <metrics statements="16" coveredstatements="16" conditionals="24" coveredconditionals="16" methods="12" coveredmethods="10"/>
      <file name="NetworkUtil.js" path="/Volumes/My Mac/WorkspaceReactNative/WeatherApp/src/utils/NetworkUtil.js">
        <metrics statements="5" coveredstatements="5" conditionals="20" coveredconditionals="13" methods="8" coveredmethods="6"/>
        <line num="1" count="3" type="cond" truecount="8" falsecount="6"/>
        <line num="2" count="3" type="stmt"/>
        <line num="3" count="9" type="cond" truecount="3" falsecount="1"/>
        <line num="4" count="3" type="stmt"/>
        <line num="5" count="3" type="cond" truecount="2" falsecount="0"/>
      </file>
      <file name="utils.js" path="/Volumes/My Mac/WorkspaceReactNative/WeatherApp/src/utils/utils.js">
        <metrics statements="11" coveredstatements="11" conditionals="4" coveredconditionals="3" methods="4" coveredmethods="4"/>
        <line num="1" count="4" type="cond" truecount="3" falsecount="1"/>
        <line num="3" count="4" type="stmt"/>
        <line num="5" count="8" type="stmt"/>
        <line num="6" count="8" type="stmt"/>
        <line num="7" count="8" type="stmt"/>
        <line num="10" count="1" type="stmt"/>
        <line num="11" count="1" type="stmt"/>
        <line num="12" count="1" type="stmt"/>
        <line num="15" count="8" type="stmt"/>
        <line num="16" count="8" type="stmt"/>
        <line num="20" count="4" type="stmt"/>
      </file>
    </package>
  </project>
</coverage>
