{"/Volumes/My Mac/WorkspaceReactNative/WeatherApp/App.js": {"path":"/Volumes/My Mac/WorkspaceReactNative/WeatherApp/App.js","statementMap":{"0":{"start":{"line":1,"column":13},"end":{"line":1,"column":75}},"1":{"start":{"line":1,"column":75},"end":{"line":1,"column":100}},"2":{"start":{"line":8,"column":0},"end":{"line":8,"column":40}},"3":{"start":{"line":9,"column":13},"end":{"line":9,"column":53}},"4":{"start":{"line":10,"column":18},"end":{"line":10,"column":40}},"5":{"start":{"line":11,"column":30},"end":{"line":11,"column":65}},"6":{"start":{"line":12,"column":13},"end":{"line":12,"column":29}},"7":{"start":{"line":13,"column":27},"end":{"line":13,"column":98}},"8":{"start":{"line":14,"column":18},"end":{"line":14,"column":64}},"9":{"start":{"line":15,"column":20},"end":{"line":15,"column":68}},"10":{"start":{"line":16,"column":19},"end":{"line":16,"column":42}},"11":{"start":{"line":17,"column":14},"end":{"line":17,"column":76}},"12":{"start":{"line":17,"column":89},"end":{"line":17,"column":93}},"13":{"start":{"line":17,"column":109},"end":{"line":17,"column":165}},"14":{"start":{"line":17,"column":204},"end":{"line":17,"column":258}},"15":{"start":{"line":19,"column":18},"end":{"line":20,"column":28}},"16":{"start":{"line":23,"column":13},"end":{"line":23,"column":64}},"17":{"start":{"line":24,"column":12},"end":{"line":24,"column":179}},"18":{"start":{"line":26,"column":10},"end":{"line":32,"column":1}},"19":{"start":{"line":27,"column":2},"end":{"line":29,"column":155}},"20":{"start":{"line":34,"column":0},"end":{"line":34,"column":3}},"21":{"start":{"line":34,"column":4},"end":{"line":34,"column":31}}},"fnMap":{"0":{"name":"_interopRequireDefault","decl":{"start":{"line":17,"column":175},"end":{"line":17,"column":197}},"loc":{"start":{"line":17,"column":203},"end":{"line":17,"column":259}},"line":17},"1":{"name":"App","decl":{"start":{"line":26,"column":19},"end":{"line":26,"column":22}},"loc":{"start":{"line":26,"column":25},"end":{"line":32,"column":1}},"line":26}},"branchMap":{"0":{"loc":{"start":{"line":17,"column":211},"end":{"line":17,"column":257}},"type":"cond-expr","locations":[{"start":{"line":17,"column":235},"end":{"line":17,"column":238}},{"start":{"line":17,"column":241},"end":{"line":17,"column":257}}],"line":17},"1":{"loc":{"start":{"line":17,"column":211},"end":{"line":17,"column":232}},"type":"binary-expr","locations":[{"start":{"line":17,"column":211},"end":{"line":17,"column":214}},{"start":{"line":17,"column":218},"end":{"line":17,"column":232}}],"line":17}},"s":{"0":1,"1":1,"2":1,"3":1,"4":1,"5":1,"6":1,"7":1,"8":1,"9":1,"10":1,"11":1,"12":1,"13":1,"14":5,"15":1,"16":1,"17":1,"18":1,"19":1,"20":1,"21":1},"f":{"0":5,"1":1},"b":{"0":[4,1],"1":[5,5]},"inputSourceMap":null,"_coverageSchema":"1a1c01bbd47fc00a2c39e90264f33305004495a9","hash":"c9b84971203ace42de9010e6c1ee458afadd5519"}
,"/Volumes/My Mac/WorkspaceReactNative/WeatherApp/config.js": {"path":"/Volumes/My Mac/WorkspaceReactNative/WeatherApp/config.js","statementMap":{"0":{"start":{"line":1,"column":13},"end":{"line":1,"column":75}},"1":{"start":{"line":1,"column":75},"end":{"line":1,"column":100}},"2":{"start":{"line":1,"column":113},"end":{"line":3,"column":45}},"3":{"start":{"line":6,"column":0},"end":{"line":6,"column":6}},"4":{"start":{"line":6,"column":7},"end":{"line":6,"column":34}}},"fnMap":{},"branchMap":{},"s":{"0":4,"1":4,"2":4,"3":4,"4":4},"f":{},"b":{},"inputSourceMap":null,"_coverageSchema":"1a1c01bbd47fc00a2c39e90264f33305004495a9","hash":"ebf7bcfc23249b2f778797482eb1eb54ff1e284a"}
,"/Volumes/My Mac/WorkspaceReactNative/WeatherApp/src/components/weatherInfo.js": {"path":"/Volumes/My Mac/WorkspaceReactNative/WeatherApp/src/components/weatherInfo.js","statementMap":{"0":{"start":{"line":1,"column":13},"end":{"line":1,"column":75}},"1":{"start":{"line":1,"column":75},"end":{"line":1,"column":100}},"2":{"start":{"line":1,"column":114},"end":{"line":1,"column":155}},"3":{"start":{"line":2,"column":13},"end":{"line":2,"column":53}},"4":{"start":{"line":3,"column":19},"end":{"line":3,"column":42}},"5":{"start":{"line":4,"column":27},"end":{"line":4,"column":59}},"6":{"start":{"line":5,"column":16},"end":{"line":5,"column":85}},"7":{"start":{"line":6,"column":14},"end":{"line":6,"column":68}},"8":{"start":{"line":7,"column":14},"end":{"line":7,"column":68}},"9":{"start":{"line":8,"column":13},"end":{"line":8,"column":62}},"10":{"start":{"line":8,"column":75},"end":{"line":8,"column":79}},"11":{"start":{"line":8,"column":95},"end":{"line":8,"column":174}},"12":{"start":{"line":8,"column":213},"end":{"line":8,"column":267}},"13":{"start":{"line":17,"column":14},"end":{"line":50,"column":1}},"14":{"start":{"line":18,"column":8},"end":{"line":18,"column":15}},"15":{"start":{"line":19,"column":16},"end":{"line":19,"column":27}},"16":{"start":{"line":22,"column":2},"end":{"line":47,"column":13}},"17":{"start":{"line":24,"column":6},"end":{"line":26,"column":235}},"18":{"start":{"line":27,"column":6},"end":{"line":27,"column":12}},"19":{"start":{"line":29,"column":6},"end":{"line":29,"column":234}},"20":{"start":{"line":30,"column":6},"end":{"line":30,"column":12}},"21":{"start":{"line":32,"column":6},"end":{"line":32,"column":236}},"22":{"start":{"line":33,"column":6},"end":{"line":33,"column":12}},"23":{"start":{"line":35,"column":6},"end":{"line":37,"column":227}},"24":{"start":{"line":38,"column":6},"end":{"line":38,"column":12}},"25":{"start":{"line":40,"column":6},"end":{"line":40,"column":235}},"26":{"start":{"line":41,"column":6},"end":{"line":41,"column":12}},"27":{"start":{"line":43,"column":6},"end":{"line":43,"column":242}},"28":{"start":{"line":44,"column":6},"end":{"line":44,"column":12}},"29":{"start":{"line":46,"column":6},"end":{"line":46,"column":235}},"30":{"start":{"line":47,"column":6},"end":{"line":47,"column":12}},"31":{"start":{"line":49,"column":2},"end":{"line":49,"column":14}},"32":{"start":{"line":58,"column":20},"end":{"line":94,"column":192}},"33":{"start":{"line":58,"column":57},"end":{"line":94,"column":191}},"34":{"start":{"line":72,"column":56},"end":{"line":72,"column":65}},"35":{"start":{"line":72,"column":66},"end":{"line":88,"column":54}},"36":{"start":{"line":94,"column":66},"end":{"line":94,"column":74}},"37":{"start":{"line":94,"column":75},"end":{"line":94,"column":96}},"38":{"start":{"line":106,"column":18},"end":{"line":109,"column":197}},"39":{"start":{"line":106,"column":54},"end":{"line":109,"column":196}},"40":{"start":{"line":113,"column":18},"end":{"line":125,"column":1}},"41":{"start":{"line":114,"column":16},"end":{"line":114,"column":33}},"42":{"start":{"line":114,"column":49},"end":{"line":114,"column":67}},"43":{"start":{"line":114,"column":80},"end":{"line":114,"column":95}},"44":{"start":{"line":115,"column":14},"end":{"line":117,"column":27}},"45":{"start":{"line":118,"column":2},"end":{"line":122,"column":12}},"46":{"start":{"line":128,"column":0},"end":{"line":128,"column":11}},"47":{"start":{"line":128,"column":12},"end":{"line":128,"column":39}}},"fnMap":{"0":{"name":"_interopRequireDefault","decl":{"start":{"line":8,"column":184},"end":{"line":8,"column":206}},"loc":{"start":{"line":8,"column":212},"end":{"line":8,"column":268}},"line":8},"1":{"name":"genIcon","decl":{"start":{"line":17,"column":23},"end":{"line":17,"column":30}},"loc":{"start":{"line":17,"column":49},"end":{"line":50,"column":1}},"line":17},"2":{"name":"renderContent","decl":{"start":{"line":58,"column":29},"end":{"line":58,"column":42}},"loc":{"start":{"line":58,"column":56},"end":{"line":94,"column":192}},"line":58},"3":{"name":"renderItem","decl":{"start":{"line":72,"column":27},"end":{"line":72,"column":37}},"loc":{"start":{"line":72,"column":44},"end":{"line":88,"column":55}},"line":72},"4":{"name":"keyExtractor","decl":{"start":{"line":94,"column":29},"end":{"line":94,"column":41}},"loc":{"start":{"line":94,"column":56},"end":{"line":94,"column":97}},"line":94},"5":{"name":"renderError","decl":{"start":{"line":106,"column":27},"end":{"line":106,"column":38}},"loc":{"start":{"line":106,"column":53},"end":{"line":109,"column":197}},"line":106},"6":{"name":"WeatherInfo","decl":{"start":{"line":113,"column":27},"end":{"line":113,"column":38}},"loc":{"start":{"line":113,"column":46},"end":{"line":125,"column":1}},"line":113}},"branchMap":{"0":{"loc":{"start":{"line":8,"column":220},"end":{"line":8,"column":266}},"type":"cond-expr","locations":[{"start":{"line":8,"column":244},"end":{"line":8,"column":247}},{"start":{"line":8,"column":250},"end":{"line":8,"column":266}}],"line":8},"1":{"loc":{"start":{"line":8,"column":220},"end":{"line":8,"column":241}},"type":"binary-expr","locations":[{"start":{"line":8,"column":220},"end":{"line":8,"column":223}},{"start":{"line":8,"column":227},"end":{"line":8,"column":241}}],"line":8},"2":{"loc":{"start":{"line":22,"column":2},"end":{"line":47,"column":13}},"type":"switch","locations":[{"start":{"line":23,"column":4},"end":{"line":27,"column":12}},{"start":{"line":28,"column":4},"end":{"line":30,"column":12}},{"start":{"line":31,"column":4},"end":{"line":33,"column":12}},{"start":{"line":34,"column":4},"end":{"line":38,"column":12}},{"start":{"line":39,"column":4},"end":{"line":41,"column":12}},{"start":{"line":42,"column":4},"end":{"line":44,"column":12}},{"start":{"line":45,"column":4},"end":{"line":47,"column":12}}],"line":22},"3":{"loc":{"start":{"line":24,"column":13},"end":{"line":26,"column":234}},"type":"cond-expr","locations":[{"start":{"line":25,"column":6},"end":{"line":25,"column":228}},{"start":{"line":26,"column":6},"end":{"line":26,"column":234}}],"line":24},"4":{"loc":{"start":{"line":35,"column":13},"end":{"line":37,"column":226}},"type":"cond-expr","locations":[{"start":{"line":36,"column":6},"end":{"line":36,"column":227}},{"start":{"line":37,"column":6},"end":{"line":37,"column":226}}],"line":35},"5":{"loc":{"start":{"line":61,"column":4},"end":{"line":94,"column":188}},"type":"cond-expr","locations":[{"start":{"line":62,"column":4},"end":{"line":62,"column":202}},{"start":{"line":64,"column":4},"end":{"line":94,"column":188}}],"line":61},"6":{"loc":{"start":{"line":115,"column":14},"end":{"line":117,"column":27}},"type":"cond-expr","locations":[{"start":{"line":116,"column":2},"end":{"line":116,"column":28}},{"start":{"line":117,"column":2},"end":{"line":117,"column":27}}],"line":115},"7":{"loc":{"start":{"line":120,"column":4},"end":{"line":122,"column":9}},"type":"cond-expr","locations":[{"start":{"line":121,"column":4},"end":{"line":121,"column":207}},{"start":{"line":122,"column":4},"end":{"line":122,"column":9}}],"line":120}},"s":{"0":3,"1":3,"2":3,"3":3,"4":3,"5":3,"6":3,"7":3,"8":3,"9":3,"10":3,"11":3,"12":18,"13":3,"14":7,"15":7,"16":7,"17":1,"18":1,"19":1,"20":1,"21":1,"22":1,"23":1,"24":1,"25":1,"26":1,"27":1,"28":1,"29":1,"30":1,"31":7,"32":3,"33":9,"34":7,"35":7,"36":1,"37":1,"38":3,"39":2,"40":3,"41":11,"42":11,"43":11,"44":11,"45":11,"46":3,"47":3},"f":{"0":18,"1":7,"2":9,"3":7,"4":1,"5":2,"6":11},"b":{"0":[12,6],"1":[18,18],"2":[1,1,1,1,1,1,1],"3":[1,0],"4":[1,0],"5":[6,3],"6":[9,2],"7":[2,9]},"inputSourceMap":null,"_coverageSchema":"1a1c01bbd47fc00a2c39e90264f33305004495a9","hash":"29da4c055a74fec9b30a3a6b26907326175551fe"}
,"/Volumes/My Mac/WorkspaceReactNative/WeatherApp/src/constants/colors.js": {"path":"/Volumes/My Mac/WorkspaceReactNative/WeatherApp/src/constants/colors.js","statementMap":{"0":{"start":{"line":1,"column":13},"end":{"line":1,"column":75}},"1":{"start":{"line":1,"column":75},"end":{"line":1,"column":100}},"2":{"start":{"line":1,"column":115},"end":{"line":8,"column":17}},"3":{"start":{"line":8,"column":18},"end":{"line":8,"column":45}}},"fnMap":{},"branchMap":{},"s":{"0":4,"1":4,"2":4,"3":4},"f":{},"b":{},"inputSourceMap":null,"_coverageSchema":"1a1c01bbd47fc00a2c39e90264f33305004495a9","hash":"93fa1021a48e5edac4f113863636dc6ce96913f2"}
,"/Volumes/My Mac/WorkspaceReactNative/WeatherApp/src/constants/styles.js": {"path":"/Volumes/My Mac/WorkspaceReactNative/WeatherApp/src/constants/styles.js","statementMap":{"0":{"start":{"line":1,"column":13},"end":{"line":1,"column":75}},"1":{"start":{"line":1,"column":75},"end":{"line":1,"column":100}},"2":{"start":{"line":1,"column":119},"end":{"line":1,"column":142}},"3":{"start":{"line":2,"column":14},"end":{"line":2,"column":57}},"4":{"start":{"line":3,"column":20},"end":{"line":3,"column":66}},"5":{"start":{"line":3,"column":105},"end":{"line":3,"column":159}},"6":{"start":{"line":5,"column":13},"end":{"line":123,"column":29}},"7":{"start":{"line":127,"column":0},"end":{"line":127,"column":6}},"8":{"start":{"line":127,"column":7},"end":{"line":127,"column":34}}},"fnMap":{"0":{"name":"_interopRequireDefault","decl":{"start":{"line":3,"column":76},"end":{"line":3,"column":98}},"loc":{"start":{"line":3,"column":104},"end":{"line":3,"column":160}},"line":3}},"branchMap":{"0":{"loc":{"start":{"line":3,"column":112},"end":{"line":3,"column":158}},"type":"cond-expr","locations":[{"start":{"line":3,"column":136},"end":{"line":3,"column":139}},{"start":{"line":3,"column":142},"end":{"line":3,"column":158}}],"line":3},"1":{"loc":{"start":{"line":3,"column":112},"end":{"line":3,"column":133}},"type":"binary-expr","locations":[{"start":{"line":3,"column":112},"end":{"line":3,"column":115}},{"start":{"line":3,"column":119},"end":{"line":3,"column":133}}],"line":3}},"s":{"0":4,"1":4,"2":4,"3":4,"4":4,"5":4,"6":4,"7":4,"8":4},"f":{"0":4},"b":{"0":[4,0],"1":[4,4]},"inputSourceMap":null,"_coverageSchema":"1a1c01bbd47fc00a2c39e90264f33305004495a9","hash":"06402df55edbc5d061c342d25ed55d8ab98b217b"}
,"/Volumes/My Mac/WorkspaceReactNative/WeatherApp/src/navigation/NavigationContainer.js": {"path":"/Volumes/My Mac/WorkspaceReactNative/WeatherApp/src/navigation/NavigationContainer.js","statementMap":{"0":{"start":{"line":1,"column":13},"end":{"line":1,"column":75}},"1":{"start":{"line":1,"column":75},"end":{"line":1,"column":100}},"2":{"start":{"line":1,"column":113},"end":{"line":1,"column":153}},"3":{"start":{"line":2,"column":24},"end":{"line":2,"column":77}},"4":{"start":{"line":2,"column":90},"end":{"line":2,"column":94}},"5":{"start":{"line":2,"column":110},"end":{"line":2,"column":197}},"6":{"start":{"line":2,"column":236},"end":{"line":2,"column":290}},"7":{"start":{"line":4,"column":26},"end":{"line":6,"column":1}},"8":{"start":{"line":5,"column":2},"end":{"line":5,"column":155}},"9":{"start":{"line":8,"column":0},"end":{"line":8,"column":19}},"10":{"start":{"line":8,"column":20},"end":{"line":8,"column":47}}},"fnMap":{"0":{"name":"_interopRequireDefault","decl":{"start":{"line":2,"column":207},"end":{"line":2,"column":229}},"loc":{"start":{"line":2,"column":235},"end":{"line":2,"column":291}},"line":2},"1":{"name":"NavigationContainer","decl":{"start":{"line":4,"column":35},"end":{"line":4,"column":54}},"loc":{"start":{"line":4,"column":62},"end":{"line":6,"column":1}},"line":4}},"branchMap":{"0":{"loc":{"start":{"line":2,"column":243},"end":{"line":2,"column":289}},"type":"cond-expr","locations":[{"start":{"line":2,"column":267},"end":{"line":2,"column":270}},{"start":{"line":2,"column":273},"end":{"line":2,"column":289}}],"line":2},"1":{"loc":{"start":{"line":2,"column":243},"end":{"line":2,"column":264}},"type":"binary-expr","locations":[{"start":{"line":2,"column":243},"end":{"line":2,"column":246}},{"start":{"line":2,"column":250},"end":{"line":2,"column":264}}],"line":2}},"s":{"0":1,"1":1,"2":1,"3":1,"4":1,"5":1,"6":2,"7":1,"8":1,"9":1,"10":1},"f":{"0":2,"1":1},"b":{"0":[1,1],"1":[2,2]},"inputSourceMap":null,"_coverageSchema":"1a1c01bbd47fc00a2c39e90264f33305004495a9","hash":"555274685e01b76bfc0d72c2638d4892b8bfb917"}
,"/Volumes/My Mac/WorkspaceReactNative/WeatherApp/src/navigation/WeatherNavigator.js": {"path":"/Volumes/My Mac/WorkspaceReactNative/WeatherApp/src/navigation/WeatherNavigator.js","statementMap":{"0":{"start":{"line":1,"column":13},"end":{"line":1,"column":75}},"1":{"start":{"line":1,"column":75},"end":{"line":1,"column":100}},"2":{"start":{"line":1,"column":123},"end":{"line":1,"column":150}},"3":{"start":{"line":2,"column":28},"end":{"line":2,"column":61}},"4":{"start":{"line":3,"column":21},"end":{"line":3,"column":80}},"5":{"start":{"line":4,"column":26},"end":{"line":4,"column":90}},"6":{"start":{"line":5,"column":14},"end":{"line":5,"column":68}},"7":{"start":{"line":5,"column":107},"end":{"line":5,"column":161}},"8":{"start":{"line":7,"column":23},"end":{"line":19,"column":31}},"9":{"start":{"line":25,"column":0},"end":{"line":25,"column":58}},"10":{"start":{"line":25,"column":59},"end":{"line":25,"column":86}}},"fnMap":{"0":{"name":"_interopRequireDefault","decl":{"start":{"line":5,"column":78},"end":{"line":5,"column":100}},"loc":{"start":{"line":5,"column":106},"end":{"line":5,"column":162}},"line":5}},"branchMap":{"0":{"loc":{"start":{"line":5,"column":114},"end":{"line":5,"column":160}},"type":"cond-expr","locations":[{"start":{"line":5,"column":138},"end":{"line":5,"column":141}},{"start":{"line":5,"column":144},"end":{"line":5,"column":160}}],"line":5},"1":{"loc":{"start":{"line":5,"column":114},"end":{"line":5,"column":135}},"type":"binary-expr","locations":[{"start":{"line":5,"column":114},"end":{"line":5,"column":117}},{"start":{"line":5,"column":121},"end":{"line":5,"column":135}}],"line":5}},"s":{"0":1,"1":1,"2":1,"3":1,"4":1,"5":1,"6":1,"7":3,"8":1,"9":1,"10":1},"f":{"0":3},"b":{"0":[3,0],"1":[3,3]},"inputSourceMap":null,"_coverageSchema":"1a1c01bbd47fc00a2c39e90264f33305004495a9","hash":"14a5815653f7b0e45e1cfdce7a949c79d53f9e21"}
,"/Volumes/My Mac/WorkspaceReactNative/WeatherApp/src/screens/FetchWeatherScreen.js": {"path":"/Volumes/My Mac/WorkspaceReactNative/WeatherApp/src/screens/FetchWeatherScreen.js","statementMap":{"0":{"start":{"line":1,"column":13},"end":{"line":1,"column":75}},"1":{"start":{"line":1,"column":75},"end":{"line":1,"column":100}},"2":{"start":{"line":1,"column":113},"end":{"line":1,"column":154}},"3":{"start":{"line":2,"column":19},"end":{"line":2,"column":42}},"4":{"start":{"line":3,"column":18},"end":{"line":3,"column":40}},"5":{"start":{"line":4,"column":19},"end":{"line":4,"column":79}},"6":{"start":{"line":5,"column":14},"end":{"line":5,"column":68}},"7":{"start":{"line":6,"column":21},"end":{"line":6,"column":80}},"8":{"start":{"line":7,"column":19},"end":{"line":7,"column":74}},"9":{"start":{"line":7,"column":87},"end":{"line":7,"column":91}},"10":{"start":{"line":7,"column":107},"end":{"line":7,"column":190}},"11":{"start":{"line":7,"column":229},"end":{"line":7,"column":283}},"12":{"start":{"line":7,"column":321},"end":{"line":7,"column":368}},"13":{"start":{"line":7,"column":356},"end":{"line":7,"column":368}},"14":{"start":{"line":7,"column":380},"end":{"line":7,"column":393}},"15":{"start":{"line":7,"column":394},"end":{"line":7,"column":473}},"16":{"start":{"line":7,"column":458},"end":{"line":7,"column":471}},"17":{"start":{"line":7,"column":473},"end":{"line":7,"column":486}},"18":{"start":{"line":7,"column":526},"end":{"line":7,"column":566}},"19":{"start":{"line":7,"column":554},"end":{"line":7,"column":565}},"20":{"start":{"line":7,"column":566},"end":{"line":7,"column":666}},"21":{"start":{"line":7,"column":641},"end":{"line":7,"column":665}},"22":{"start":{"line":7,"column":678},"end":{"line":7,"column":704}},"23":{"start":{"line":7,"column":705},"end":{"line":7,"column":758}},"24":{"start":{"line":7,"column":735},"end":{"line":7,"column":757}},"25":{"start":{"line":7,"column":771},"end":{"line":7,"column":773}},"26":{"start":{"line":7,"column":802},"end":{"line":7,"column":858}},"27":{"start":{"line":7,"column":859},"end":{"line":7,"column":1130}},"28":{"start":{"line":7,"column":881},"end":{"line":7,"column":1129}},"29":{"start":{"line":7,"column":945},"end":{"line":7,"column":1017}},"30":{"start":{"line":7,"column":1018},"end":{"line":7,"column":1128}},"31":{"start":{"line":7,"column":1055},"end":{"line":7,"column":1096}},"32":{"start":{"line":7,"column":1104},"end":{"line":7,"column":1127}},"33":{"start":{"line":7,"column":1130},"end":{"line":7,"column":1151}},"34":{"start":{"line":7,"column":1151},"end":{"line":7,"column":1187}},"35":{"start":{"line":7,"column":1163},"end":{"line":7,"column":1186}},"36":{"start":{"line":7,"column":1187},"end":{"line":7,"column":1201}},"37":{"start":{"line":9,"column":25},"end":{"line":33,"column":1}},"38":{"start":{"line":10,"column":2},"end":{"line":10,"column":71}},"39":{"start":{"line":10,"column":49},"end":{"line":10,"column":69}},"40":{"start":{"line":10,"column":86},"end":{"line":10,"column":110}},"41":{"start":{"line":10,"column":126},"end":{"line":10,"column":151}},"42":{"start":{"line":10,"column":164},"end":{"line":10,"column":186}},"43":{"start":{"line":11,"column":17},"end":{"line":11,"column":47}},"44":{"start":{"line":12,"column":16},"end":{"line":12,"column":58}},"45":{"start":{"line":14,"column":2},"end":{"line":16,"column":17}},"46":{"start":{"line":15,"column":4},"end":{"line":15,"column":16}},"47":{"start":{"line":18,"column":18},"end":{"line":22,"column":13}},"48":{"start":{"line":18,"column":78},"end":{"line":21,"column":176}},"49":{"start":{"line":18,"column":139},"end":{"line":21,"column":146}},"50":{"start":{"line":18,"column":150},"end":{"line":21,"column":145}},"51":{"start":{"line":18,"column":197},"end":{"line":18,"column":215}},"52":{"start":{"line":18,"column":215},"end":{"line":19,"column":55}},"53":{"start":{"line":19,"column":62},"end":{"line":19,"column":90}},"54":{"start":{"line":20,"column":12},"end":{"line":21,"column":103}},"55":{"start":{"line":21,"column":121},"end":{"line":21,"column":144}},"56":{"start":{"line":24,"column":2},"end":{"line":29,"column":119}},"57":{"start":{"line":35,"column":0},"end":{"line":39,"column":2}},"58":{"start":{"line":36,"column":2},"end":{"line":37,"column":31}},"59":{"start":{"line":41,"column":0},"end":{"line":41,"column":18}},"60":{"start":{"line":41,"column":19},"end":{"line":41,"column":46}}},"fnMap":{"0":{"name":"_interopRequireDefault","decl":{"start":{"line":7,"column":200},"end":{"line":7,"column":222}},"loc":{"start":{"line":7,"column":228},"end":{"line":7,"column":284}},"line":7},"1":{"name":"_getRequireWildcardCache","decl":{"start":{"line":7,"column":293},"end":{"line":7,"column":317}},"loc":{"start":{"line":7,"column":320},"end":{"line":7,"column":487}},"line":7},"2":{"name":"_getRequireWildcardCache","decl":{"start":{"line":7,"column":430},"end":{"line":7,"column":454}},"loc":{"start":{"line":7,"column":457},"end":{"line":7,"column":472}},"line":7},"3":{"name":"_interopRequireWildcard","decl":{"start":{"line":7,"column":496},"end":{"line":7,"column":519}},"loc":{"start":{"line":7,"column":525},"end":{"line":7,"column":1202}},"line":7},"4":{"name":"FetchWeatherScreen","decl":{"start":{"line":9,"column":34},"end":{"line":9,"column":52}},"loc":{"start":{"line":9,"column":60},"end":{"line":33,"column":1}},"line":9},"5":{"name":"(anonymous_5)","decl":{"start":{"line":10,"column":31},"end":{"line":10,"column":32}},"loc":{"start":{"line":10,"column":48},"end":{"line":10,"column":70}},"line":10},"6":{"name":"(anonymous_6)","decl":{"start":{"line":14,"column":24},"end":{"line":14,"column":25}},"loc":{"start":{"line":14,"column":36},"end":{"line":16,"column":3}},"line":14},"7":{"name":"_callee","decl":{"start":{"line":18,"column":51},"end":{"line":18,"column":58}},"loc":{"start":{"line":18,"column":61},"end":{"line":21,"column":177}},"line":18},"8":{"name":"_callee$","decl":{"start":{"line":18,"column":119},"end":{"line":18,"column":127}},"loc":{"start":{"line":18,"column":138},"end":{"line":21,"column":147}},"line":18},"9":{"name":"(anonymous_9)","decl":{"start":{"line":35,"column":39},"end":{"line":35,"column":40}},"loc":{"start":{"line":35,"column":51},"end":{"line":39,"column":1}},"line":35}},"branchMap":{"0":{"loc":{"start":{"line":7,"column":236},"end":{"line":7,"column":282}},"type":"cond-expr","locations":[{"start":{"line":7,"column":260},"end":{"line":7,"column":263}},{"start":{"line":7,"column":266},"end":{"line":7,"column":282}}],"line":7},"1":{"loc":{"start":{"line":7,"column":236},"end":{"line":7,"column":257}},"type":"binary-expr","locations":[{"start":{"line":7,"column":236},"end":{"line":7,"column":239}},{"start":{"line":7,"column":243},"end":{"line":7,"column":257}}],"line":7},"2":{"loc":{"start":{"line":7,"column":321},"end":{"line":7,"column":368}},"type":"if","locations":[{"start":{"line":7,"column":321},"end":{"line":7,"column":368}},{"start":{"line":7,"column":321},"end":{"line":7,"column":368}}],"line":7},"3":{"loc":{"start":{"line":7,"column":526},"end":{"line":7,"column":566}},"type":"if","locations":[{"start":{"line":7,"column":526},"end":{"line":7,"column":566}},{"start":{"line":7,"column":526},"end":{"line":7,"column":566}}],"line":7},"4":{"loc":{"start":{"line":7,"column":530},"end":{"line":7,"column":551}},"type":"binary-expr","locations":[{"start":{"line":7,"column":530},"end":{"line":7,"column":533}},{"start":{"line":7,"column":537},"end":{"line":7,"column":551}}],"line":7},"5":{"loc":{"start":{"line":7,"column":566},"end":{"line":7,"column":666}},"type":"if","locations":[{"start":{"line":7,"column":566},"end":{"line":7,"column":666}},{"start":{"line":7,"column":566},"end":{"line":7,"column":666}}],"line":7},"6":{"loc":{"start":{"line":7,"column":570},"end":{"line":7,"column":638}},"type":"binary-expr","locations":[{"start":{"line":7,"column":570},"end":{"line":7,"column":582}},{"start":{"line":7,"column":586},"end":{"line":7,"column":609}},{"start":{"line":7,"column":613},"end":{"line":7,"column":638}}],"line":7},"7":{"loc":{"start":{"line":7,"column":705},"end":{"line":7,"column":758}},"type":"if","locations":[{"start":{"line":7,"column":705},"end":{"line":7,"column":758}},{"start":{"line":7,"column":705},"end":{"line":7,"column":758}}],"line":7},"8":{"loc":{"start":{"line":7,"column":709},"end":{"line":7,"column":732}},"type":"binary-expr","locations":[{"start":{"line":7,"column":709},"end":{"line":7,"column":714}},{"start":{"line":7,"column":718},"end":{"line":7,"column":732}}],"line":7},"9":{"loc":{"start":{"line":7,"column":802},"end":{"line":7,"column":858}},"type":"binary-expr","locations":[{"start":{"line":7,"column":802},"end":{"line":7,"column":823}},{"start":{"line":7,"column":827},"end":{"line":7,"column":858}}],"line":7},"10":{"loc":{"start":{"line":7,"column":881},"end":{"line":7,"column":1129}},"type":"if","locations":[{"start":{"line":7,"column":881},"end":{"line":7,"column":1129}},{"start":{"line":7,"column":881},"end":{"line":7,"column":1129}}],"line":7},"11":{"loc":{"start":{"line":7,"column":945},"end":{"line":7,"column":1017}},"type":"cond-expr","locations":[{"start":{"line":7,"column":969},"end":{"line":7,"column":1010}},{"start":{"line":7,"column":1013},"end":{"line":7,"column":1017}}],"line":7},"12":{"loc":{"start":{"line":7,"column":1018},"end":{"line":7,"column":1128}},"type":"if","locations":[{"start":{"line":7,"column":1018},"end":{"line":7,"column":1128}},{"start":{"line":7,"column":1018},"end":{"line":7,"column":1128}}],"line":7},"13":{"loc":{"start":{"line":7,"column":1022},"end":{"line":7,"column":1052}},"type":"binary-expr","locations":[{"start":{"line":7,"column":1022},"end":{"line":7,"column":1026}},{"start":{"line":7,"column":1031},"end":{"line":7,"column":1039}},{"start":{"line":7,"column":1043},"end":{"line":7,"column":1051}}],"line":7},"14":{"loc":{"start":{"line":7,"column":1151},"end":{"line":7,"column":1187}},"type":"if","locations":[{"start":{"line":7,"column":1151},"end":{"line":7,"column":1187}},{"start":{"line":7,"column":1151},"end":{"line":7,"column":1187}}],"line":7},"15":{"loc":{"start":{"line":18,"column":150},"end":{"line":21,"column":145}},"type":"switch","locations":[{"start":{"line":18,"column":190},"end":{"line":19,"column":55}},{"start":{"line":19,"column":55},"end":{"line":21,"column":103}},{"start":{"line":21,"column":103},"end":{"line":21,"column":110}},{"start":{"line":21,"column":110},"end":{"line":21,"column":144}}],"line":18},"16":{"loc":{"start":{"line":20,"column":21},"end":{"line":21,"column":101}},"type":"cond-expr","locations":[{"start":{"line":21,"column":12},"end":{"line":21,"column":51}},{"start":{"line":21,"column":54},"end":{"line":21,"column":101}}],"line":20}},"s":{"0":2,"1":2,"2":2,"3":2,"4":2,"5":2,"6":2,"7":2,"8":2,"9":2,"10":2,"11":6,"12":2,"13":0,"14":2,"15":2,"16":0,"17":2,"18":4,"19":2,"20":2,"21":0,"22":2,"23":2,"24":0,"25":2,"26":2,"27":2,"28":56,"29":56,"30":56,"31":0,"32":56,"33":2,"34":2,"35":2,"36":2,"37":2,"38":1,"39":2,"40":1,"41":1,"42":1,"43":1,"44":1,"45":1,"46":0,"47":1,"48":0,"49":0,"50":0,"51":0,"52":0,"53":0,"54":0,"55":0,"56":1,"57":2,"58":1,"59":2,"60":2},"f":{"0":6,"1":2,"2":0,"3":4,"4":1,"5":2,"6":0,"7":0,"8":0,"9":1},"b":{"0":[6,0],"1":[6,6],"2":[0,2],"3":[2,2],"4":[4,4],"5":[0,2],"6":[2,2,0],"7":[0,2],"8":[2,2],"9":[2,2],"10":[56,0],"11":[56,0],"12":[0,56],"13":[56,56,56],"14":[2,0],"15":[0,0,0,0],"16":[0,0]},"inputSourceMap":null,"_coverageSchema":"1a1c01bbd47fc00a2c39e90264f33305004495a9","hash":"836ae2417100d2a2a4c3fb0e73a3d6dc399fe24c"}
,"/Volumes/My Mac/WorkspaceReactNative/WeatherApp/src/screens/PincodeScreen.js": {"path":"/Volumes/My Mac/WorkspaceReactNative/WeatherApp/src/screens/PincodeScreen.js","statementMap":{"0":{"start":{"line":1,"column":13},"end":{"line":1,"column":75}},"1":{"start":{"line":1,"column":75},"end":{"line":1,"column":100}},"2":{"start":{"line":1,"column":113},"end":{"line":1,"column":154}},"3":{"start":{"line":2,"column":19},"end":{"line":2,"column":42}},"4":{"start":{"line":3,"column":27},"end":{"line":3,"column":59}},"5":{"start":{"line":4,"column":14},"end":{"line":4,"column":68}},"6":{"start":{"line":5,"column":14},"end":{"line":5,"column":68}},"7":{"start":{"line":5,"column":81},"end":{"line":5,"column":85}},"8":{"start":{"line":5,"column":101},"end":{"line":5,"column":179}},"9":{"start":{"line":5,"column":218},"end":{"line":5,"column":272}},"10":{"start":{"line":5,"column":310},"end":{"line":5,"column":357}},"11":{"start":{"line":5,"column":345},"end":{"line":5,"column":357}},"12":{"start":{"line":5,"column":369},"end":{"line":5,"column":382}},"13":{"start":{"line":5,"column":383},"end":{"line":5,"column":462}},"14":{"start":{"line":5,"column":447},"end":{"line":5,"column":460}},"15":{"start":{"line":5,"column":462},"end":{"line":5,"column":475}},"16":{"start":{"line":5,"column":515},"end":{"line":5,"column":555}},"17":{"start":{"line":5,"column":543},"end":{"line":5,"column":554}},"18":{"start":{"line":5,"column":555},"end":{"line":5,"column":655}},"19":{"start":{"line":5,"column":630},"end":{"line":5,"column":654}},"20":{"start":{"line":5,"column":667},"end":{"line":5,"column":693}},"21":{"start":{"line":5,"column":694},"end":{"line":5,"column":747}},"22":{"start":{"line":5,"column":724},"end":{"line":5,"column":746}},"23":{"start":{"line":5,"column":760},"end":{"line":5,"column":762}},"24":{"start":{"line":5,"column":791},"end":{"line":5,"column":847}},"25":{"start":{"line":5,"column":848},"end":{"line":5,"column":1119}},"26":{"start":{"line":5,"column":870},"end":{"line":5,"column":1118}},"27":{"start":{"line":5,"column":934},"end":{"line":5,"column":1006}},"28":{"start":{"line":5,"column":1007},"end":{"line":5,"column":1117}},"29":{"start":{"line":5,"column":1044},"end":{"line":5,"column":1085}},"30":{"start":{"line":5,"column":1093},"end":{"line":5,"column":1116}},"31":{"start":{"line":5,"column":1119},"end":{"line":5,"column":1140}},"32":{"start":{"line":5,"column":1140},"end":{"line":5,"column":1176}},"33":{"start":{"line":5,"column":1152},"end":{"line":5,"column":1175}},"34":{"start":{"line":5,"column":1176},"end":{"line":5,"column":1190}},"35":{"start":{"line":5,"column":1224},"end":{"line":5,"column":1346}},"36":{"start":{"line":5,"column":1376},"end":{"line":5,"column":1537}},"37":{"start":{"line":5,"column":1587},"end":{"line":5,"column":1602}},"38":{"start":{"line":5,"column":1595},"end":{"line":5,"column":1602}},"39":{"start":{"line":5,"column":1602},"end":{"line":5,"column":1665}},"40":{"start":{"line":5,"column":1629},"end":{"line":5,"column":1665}},"41":{"start":{"line":5,"column":1673},"end":{"line":5,"column":1719}},"42":{"start":{"line":5,"column":1720},"end":{"line":5,"column":1780}},"43":{"start":{"line":5,"column":1757},"end":{"line":5,"column":1780}},"44":{"start":{"line":5,"column":1780},"end":{"line":5,"column":1833}},"45":{"start":{"line":5,"column":1812},"end":{"line":5,"column":1833}},"46":{"start":{"line":5,"column":1833},"end":{"line":5,"column":1946}},"47":{"start":{"line":5,"column":1910},"end":{"line":5,"column":1946}},"48":{"start":{"line":5,"column":1985},"end":{"line":5,"column":2039}},"49":{"start":{"line":5,"column":2022},"end":{"line":5,"column":2039}},"50":{"start":{"line":5,"column":2039},"end":{"line":5,"column":2111}},"51":{"start":{"line":5,"column":2052},"end":{"line":5,"column":2053}},"52":{"start":{"line":5,"column":2062},"end":{"line":5,"column":2076}},"53":{"start":{"line":5,"column":2093},"end":{"line":5,"column":2110}},"54":{"start":{"line":5,"column":2111},"end":{"line":5,"column":2123}},"55":{"start":{"line":5,"column":2164},"end":{"line":5,"column":2243}},"56":{"start":{"line":5,"column":2236},"end":{"line":5,"column":2243}},"57":{"start":{"line":5,"column":2254},"end":{"line":5,"column":2256}},"58":{"start":{"line":5,"column":2266},"end":{"line":5,"column":2270}},"59":{"start":{"line":5,"column":2280},"end":{"line":5,"column":2285}},"60":{"start":{"line":5,"column":2295},"end":{"line":5,"column":2304}},"61":{"start":{"line":5,"column":2305},"end":{"line":5,"column":2578}},"62":{"start":{"line":5,"column":2310},"end":{"line":5,"column":2450}},"63":{"start":{"line":5,"column":2324},"end":{"line":5,"column":2346}},"64":{"start":{"line":5,"column":2395},"end":{"line":5,"column":2415}},"65":{"start":{"line":5,"column":2415},"end":{"line":5,"column":2449}},"66":{"start":{"line":5,"column":2443},"end":{"line":5,"column":2449}},"67":{"start":{"line":5,"column":2465},"end":{"line":5,"column":2475}},"68":{"start":{"line":5,"column":2475},"end":{"line":5,"column":2484}},"69":{"start":{"line":5,"column":2495},"end":{"line":5,"column":2577}},"70":{"start":{"line":5,"column":2500},"end":{"line":5,"column":2548}},"71":{"start":{"line":5,"column":2533},"end":{"line":5,"column":2548}},"72":{"start":{"line":5,"column":2559},"end":{"line":5,"column":2576}},"73":{"start":{"line":5,"column":2567},"end":{"line":5,"column":2576}},"74":{"start":{"line":5,"column":2578},"end":{"line":5,"column":2590}},"75":{"start":{"line":5,"column":2622},"end":{"line":5,"column":2657}},"76":{"start":{"line":5,"column":2646},"end":{"line":5,"column":2657}},"77":{"start":{"line":10,"column":20},"end":{"line":62,"column":1}},"78":{"start":{"line":11,"column":2},"end":{"line":11,"column":26}},"79":{"start":{"line":11,"column":40},"end":{"line":11,"column":68}},"80":{"start":{"line":11,"column":79},"end":{"line":11,"column":92}},"81":{"start":{"line":11,"column":106},"end":{"line":11,"column":119}},"82":{"start":{"line":12,"column":19},"end":{"line":21,"column":3}},"83":{"start":{"line":13,"column":4},"end":{"line":19,"column":5}},"84":{"start":{"line":14,"column":6},"end":{"line":14,"column":61}},"85":{"start":{"line":15,"column":6},"end":{"line":15,"column":19}},"86":{"start":{"line":16,"column":11},"end":{"line":19,"column":5}},"87":{"start":{"line":17,"column":6},"end":{"line":17,"column":62}},"88":{"start":{"line":18,"column":6},"end":{"line":18,"column":19}},"89":{"start":{"line":20,"column":4},"end":{"line":20,"column":16}},"90":{"start":{"line":22,"column":2},"end":{"line":57,"column":199}},"91":{"start":{"line":37,"column":52},"end":{"line":37,"column":79}},"92":{"start":{"line":38,"column":51},"end":{"line":42,"column":14}},"93":{"start":{"line":49,"column":26},"end":{"line":53,"column":14}},"94":{"start":{"line":64,"column":0},"end":{"line":64,"column":13}},"95":{"start":{"line":64,"column":14},"end":{"line":64,"column":41}}},"fnMap":{"0":{"name":"_interopRequireDefault","decl":{"start":{"line":5,"column":189},"end":{"line":5,"column":211}},"loc":{"start":{"line":5,"column":217},"end":{"line":5,"column":273}},"line":5},"1":{"name":"_getRequireWildcardCache","decl":{"start":{"line":5,"column":282},"end":{"line":5,"column":306}},"loc":{"start":{"line":5,"column":309},"end":{"line":5,"column":476}},"line":5},"2":{"name":"_getRequireWildcardCache","decl":{"start":{"line":5,"column":419},"end":{"line":5,"column":443}},"loc":{"start":{"line":5,"column":446},"end":{"line":5,"column":461}},"line":5},"3":{"name":"_interopRequireWildcard","decl":{"start":{"line":5,"column":485},"end":{"line":5,"column":508}},"loc":{"start":{"line":5,"column":514},"end":{"line":5,"column":1191}},"line":5},"4":{"name":"_slicedToArray","decl":{"start":{"line":5,"column":1200},"end":{"line":5,"column":1214}},"loc":{"start":{"line":5,"column":1223},"end":{"line":5,"column":1347}},"line":5},"5":{"name":"_nonIterableRest","decl":{"start":{"line":5,"column":1356},"end":{"line":5,"column":1372}},"loc":{"start":{"line":5,"column":1375},"end":{"line":5,"column":1538}},"line":5},"6":{"name":"_unsupportedIterableToArray","decl":{"start":{"line":5,"column":1547},"end":{"line":5,"column":1574}},"loc":{"start":{"line":5,"column":1586},"end":{"line":5,"column":1947}},"line":5},"7":{"name":"_arrayLikeToArray","decl":{"start":{"line":5,"column":1956},"end":{"line":5,"column":1973}},"loc":{"start":{"line":5,"column":1984},"end":{"line":5,"column":2124}},"line":5},"8":{"name":"_iterableToArrayLimit","decl":{"start":{"line":5,"column":2133},"end":{"line":5,"column":2154}},"loc":{"start":{"line":5,"column":2163},"end":{"line":5,"column":2591}},"line":5},"9":{"name":"_arrayWithHoles","decl":{"start":{"line":5,"column":2600},"end":{"line":5,"column":2615}},"loc":{"start":{"line":5,"column":2621},"end":{"line":5,"column":2658}},"line":5},"10":{"name":"PincodeScreen","decl":{"start":{"line":10,"column":29},"end":{"line":10,"column":42}},"loc":{"start":{"line":10,"column":50},"end":{"line":62,"column":1}},"line":10},"11":{"name":"validation","decl":{"start":{"line":12,"column":28},"end":{"line":12,"column":38}},"loc":{"start":{"line":12,"column":48},"end":{"line":21,"column":3}},"line":12},"12":{"name":"onChangeText","decl":{"start":{"line":37,"column":29},"end":{"line":37,"column":41}},"loc":{"start":{"line":37,"column":51},"end":{"line":37,"column":80}},"line":37},"13":{"name":"onSubmitEditing","decl":{"start":{"line":38,"column":32},"end":{"line":38,"column":47}},"loc":{"start":{"line":38,"column":50},"end":{"line":42,"column":15}},"line":38},"14":{"name":"onPress","decl":{"start":{"line":49,"column":15},"end":{"line":49,"column":22}},"loc":{"start":{"line":49,"column":25},"end":{"line":53,"column":15}},"line":49}},"branchMap":{"0":{"loc":{"start":{"line":5,"column":225},"end":{"line":5,"column":271}},"type":"cond-expr","locations":[{"start":{"line":5,"column":249},"end":{"line":5,"column":252}},{"start":{"line":5,"column":255},"end":{"line":5,"column":271}}],"line":5},"1":{"loc":{"start":{"line":5,"column":225},"end":{"line":5,"column":246}},"type":"binary-expr","locations":[{"start":{"line":5,"column":225},"end":{"line":5,"column":228}},{"start":{"line":5,"column":232},"end":{"line":5,"column":246}}],"line":5},"2":{"loc":{"start":{"line":5,"column":310},"end":{"line":5,"column":357}},"type":"if","locations":[{"start":{"line":5,"column":310},"end":{"line":5,"column":357}},{"start":{"line":5,"column":310},"end":{"line":5,"column":357}}],"line":5},"3":{"loc":{"start":{"line":5,"column":515},"end":{"line":5,"column":555}},"type":"if","locations":[{"start":{"line":5,"column":515},"end":{"line":5,"column":555}},{"start":{"line":5,"column":515},"end":{"line":5,"column":555}}],"line":5},"4":{"loc":{"start":{"line":5,"column":519},"end":{"line":5,"column":540}},"type":"binary-expr","locations":[{"start":{"line":5,"column":519},"end":{"line":5,"column":522}},{"start":{"line":5,"column":526},"end":{"line":5,"column":540}}],"line":5},"5":{"loc":{"start":{"line":5,"column":555},"end":{"line":5,"column":655}},"type":"if","locations":[{"start":{"line":5,"column":555},"end":{"line":5,"column":655}},{"start":{"line":5,"column":555},"end":{"line":5,"column":655}}],"line":5},"6":{"loc":{"start":{"line":5,"column":559},"end":{"line":5,"column":627}},"type":"binary-expr","locations":[{"start":{"line":5,"column":559},"end":{"line":5,"column":571}},{"start":{"line":5,"column":575},"end":{"line":5,"column":598}},{"start":{"line":5,"column":602},"end":{"line":5,"column":627}}],"line":5},"7":{"loc":{"start":{"line":5,"column":694},"end":{"line":5,"column":747}},"type":"if","locations":[{"start":{"line":5,"column":694},"end":{"line":5,"column":747}},{"start":{"line":5,"column":694},"end":{"line":5,"column":747}}],"line":5},"8":{"loc":{"start":{"line":5,"column":698},"end":{"line":5,"column":721}},"type":"binary-expr","locations":[{"start":{"line":5,"column":698},"end":{"line":5,"column":703}},{"start":{"line":5,"column":707},"end":{"line":5,"column":721}}],"line":5},"9":{"loc":{"start":{"line":5,"column":791},"end":{"line":5,"column":847}},"type":"binary-expr","locations":[{"start":{"line":5,"column":791},"end":{"line":5,"column":812}},{"start":{"line":5,"column":816},"end":{"line":5,"column":847}}],"line":5},"10":{"loc":{"start":{"line":5,"column":870},"end":{"line":5,"column":1118}},"type":"if","locations":[{"start":{"line":5,"column":870},"end":{"line":5,"column":1118}},{"start":{"line":5,"column":870},"end":{"line":5,"column":1118}}],"line":5},"11":{"loc":{"start":{"line":5,"column":934},"end":{"line":5,"column":1006}},"type":"cond-expr","locations":[{"start":{"line":5,"column":958},"end":{"line":5,"column":999}},{"start":{"line":5,"column":1002},"end":{"line":5,"column":1006}}],"line":5},"12":{"loc":{"start":{"line":5,"column":1007},"end":{"line":5,"column":1117}},"type":"if","locations":[{"start":{"line":5,"column":1007},"end":{"line":5,"column":1117}},{"start":{"line":5,"column":1007},"end":{"line":5,"column":1117}}],"line":5},"13":{"loc":{"start":{"line":5,"column":1011},"end":{"line":5,"column":1041}},"type":"binary-expr","locations":[{"start":{"line":5,"column":1011},"end":{"line":5,"column":1015}},{"start":{"line":5,"column":1020},"end":{"line":5,"column":1028}},{"start":{"line":5,"column":1032},"end":{"line":5,"column":1040}}],"line":5},"14":{"loc":{"start":{"line":5,"column":1140},"end":{"line":5,"column":1176}},"type":"if","locations":[{"start":{"line":5,"column":1140},"end":{"line":5,"column":1176}},{"start":{"line":5,"column":1140},"end":{"line":5,"column":1176}}],"line":5},"15":{"loc":{"start":{"line":5,"column":1231},"end":{"line":5,"column":1345}},"type":"binary-expr","locations":[{"start":{"line":5,"column":1231},"end":{"line":5,"column":1251}},{"start":{"line":5,"column":1255},"end":{"line":5,"column":1284}},{"start":{"line":5,"column":1288},"end":{"line":5,"column":1323}},{"start":{"line":5,"column":1327},"end":{"line":5,"column":1345}}],"line":5},"16":{"loc":{"start":{"line":5,"column":1587},"end":{"line":5,"column":1602}},"type":"if","locations":[{"start":{"line":5,"column":1587},"end":{"line":5,"column":1602}},{"start":{"line":5,"column":1587},"end":{"line":5,"column":1602}}],"line":5},"17":{"loc":{"start":{"line":5,"column":1602},"end":{"line":5,"column":1665}},"type":"if","locations":[{"start":{"line":5,"column":1602},"end":{"line":5,"column":1665}},{"start":{"line":5,"column":1602},"end":{"line":5,"column":1665}}],"line":5},"18":{"loc":{"start":{"line":5,"column":1720},"end":{"line":5,"column":1780}},"type":"if","locations":[{"start":{"line":5,"column":1720},"end":{"line":5,"column":1780}},{"start":{"line":5,"column":1720},"end":{"line":5,"column":1780}}],"line":5},"19":{"loc":{"start":{"line":5,"column":1724},"end":{"line":5,"column":1755}},"type":"binary-expr","locations":[{"start":{"line":5,"column":1724},"end":{"line":5,"column":1738}},{"start":{"line":5,"column":1742},"end":{"line":5,"column":1755}}],"line":5},"20":{"loc":{"start":{"line":5,"column":1780},"end":{"line":5,"column":1833}},"type":"if","locations":[{"start":{"line":5,"column":1780},"end":{"line":5,"column":1833}},{"start":{"line":5,"column":1780},"end":{"line":5,"column":1833}}],"line":5},"21":{"loc":{"start":{"line":5,"column":1784},"end":{"line":5,"column":1810}},"type":"binary-expr","locations":[{"start":{"line":5,"column":1784},"end":{"line":5,"column":1795}},{"start":{"line":5,"column":1799},"end":{"line":5,"column":1810}}],"line":5},"22":{"loc":{"start":{"line":5,"column":1833},"end":{"line":5,"column":1946}},"type":"if","locations":[{"start":{"line":5,"column":1833},"end":{"line":5,"column":1946}},{"start":{"line":5,"column":1833},"end":{"line":5,"column":1946}}],"line":5},"23":{"loc":{"start":{"line":5,"column":1837},"end":{"line":5,"column":1908}},"type":"binary-expr","locations":[{"start":{"line":5,"column":1837},"end":{"line":5,"column":1854}},{"start":{"line":5,"column":1858},"end":{"line":5,"column":1908}}],"line":5},"24":{"loc":{"start":{"line":5,"column":1985},"end":{"line":5,"column":2039}},"type":"if","locations":[{"start":{"line":5,"column":1985},"end":{"line":5,"column":2039}},{"start":{"line":5,"column":1985},"end":{"line":5,"column":2039}}],"line":5},"25":{"loc":{"start":{"line":5,"column":1989},"end":{"line":5,"column":2020}},"type":"binary-expr","locations":[{"start":{"line":5,"column":1989},"end":{"line":5,"column":2000}},{"start":{"line":5,"column":2004},"end":{"line":5,"column":2020}}],"line":5},"26":{"loc":{"start":{"line":5,"column":2164},"end":{"line":5,"column":2243}},"type":"if","locations":[{"start":{"line":5,"column":2164},"end":{"line":5,"column":2243}},{"start":{"line":5,"column":2164},"end":{"line":5,"column":2243}}],"line":5},"27":{"loc":{"start":{"line":5,"column":2168},"end":{"line":5,"column":2234}},"type":"binary-expr","locations":[{"start":{"line":5,"column":2168},"end":{"line":5,"column":2197}},{"start":{"line":5,"column":2201},"end":{"line":5,"column":2234}}],"line":5},"28":{"loc":{"start":{"line":5,"column":2415},"end":{"line":5,"column":2449}},"type":"if","locations":[{"start":{"line":5,"column":2415},"end":{"line":5,"column":2449}},{"start":{"line":5,"column":2415},"end":{"line":5,"column":2449}}],"line":5},"29":{"loc":{"start":{"line":5,"column":2419},"end":{"line":5,"column":2441}},"type":"binary-expr","locations":[{"start":{"line":5,"column":2419},"end":{"line":5,"column":2420}},{"start":{"line":5,"column":2424},"end":{"line":5,"column":2441}}],"line":5},"30":{"loc":{"start":{"line":5,"column":2500},"end":{"line":5,"column":2548}},"type":"if","locations":[{"start":{"line":5,"column":2500},"end":{"line":5,"column":2548}},{"start":{"line":5,"column":2500},"end":{"line":5,"column":2548}}],"line":5},"31":{"loc":{"start":{"line":5,"column":2504},"end":{"line":5,"column":2531}},"type":"binary-expr","locations":[{"start":{"line":5,"column":2504},"end":{"line":5,"column":2507}},{"start":{"line":5,"column":2511},"end":{"line":5,"column":2531}}],"line":5},"32":{"loc":{"start":{"line":5,"column":2559},"end":{"line":5,"column":2576}},"type":"if","locations":[{"start":{"line":5,"column":2559},"end":{"line":5,"column":2576}},{"start":{"line":5,"column":2559},"end":{"line":5,"column":2576}}],"line":5},"33":{"loc":{"start":{"line":5,"column":2622},"end":{"line":5,"column":2657}},"type":"if","locations":[{"start":{"line":5,"column":2622},"end":{"line":5,"column":2657}},{"start":{"line":5,"column":2622},"end":{"line":5,"column":2657}}],"line":5},"34":{"loc":{"start":{"line":13,"column":4},"end":{"line":19,"column":5}},"type":"if","locations":[{"start":{"line":13,"column":4},"end":{"line":19,"column":5}},{"start":{"line":13,"column":4},"end":{"line":19,"column":5}}],"line":13},"35":{"loc":{"start":{"line":16,"column":11},"end":{"line":19,"column":5}},"type":"if","locations":[{"start":{"line":16,"column":11},"end":{"line":19,"column":5}},{"start":{"line":16,"column":11},"end":{"line":19,"column":5}}],"line":16},"36":{"loc":{"start":{"line":16,"column":15},"end":{"line":16,"column":55}},"type":"binary-expr","locations":[{"start":{"line":16,"column":15},"end":{"line":16,"column":33}},{"start":{"line":16,"column":37},"end":{"line":16,"column":55}}],"line":16},"37":{"loc":{"start":{"line":39,"column":10},"end":{"line":42,"column":12}},"type":"cond-expr","locations":[{"start":{"line":40,"column":10},"end":{"line":41,"column":37}},{"start":{"line":42,"column":10},"end":{"line":42,"column":12}}],"line":39},"38":{"loc":{"start":{"line":50,"column":10},"end":{"line":53,"column":12}},"type":"cond-expr","locations":[{"start":{"line":51,"column":10},"end":{"line":52,"column":37}},{"start":{"line":53,"column":10},"end":{"line":53,"column":12}}],"line":50}},"s":{"0":2,"1":2,"2":2,"3":2,"4":2,"5":2,"6":2,"7":2,"8":2,"9":4,"10":2,"11":0,"12":2,"13":2,"14":0,"15":2,"16":2,"17":0,"18":2,"19":0,"20":2,"21":2,"22":0,"23":2,"24":2,"25":2,"26":56,"27":56,"28":56,"29":0,"30":56,"31":2,"32":2,"33":2,"34":2,"35":15,"36":0,"37":0,"38":0,"39":0,"40":0,"41":0,"42":0,"43":0,"44":0,"45":0,"46":0,"47":0,"48":0,"49":0,"50":0,"51":0,"52":0,"53":0,"54":0,"55":0,"56":0,"57":0,"58":0,"59":0,"60":0,"61":0,"62":0,"63":0,"64":0,"65":0,"66":0,"67":0,"68":0,"69":0,"70":0,"71":0,"72":0,"73":0,"74":0,"75":15,"76":15,"77":2,"78":15,"79":15,"80":15,"81":15,"82":15,"83":2,"84":2,"85":2,"86":0,"87":0,"88":0,"89":0,"90":15,"91":1,"92":1,"93":1,"94":2,"95":2},"f":{"0":4,"1":2,"2":0,"3":2,"4":15,"5":0,"6":0,"7":0,"8":0,"9":15,"10":15,"11":2,"12":1,"13":1,"14":1},"b":{"0":[4,0],"1":[4,4],"2":[0,2],"3":[0,2],"4":[2,2],"5":[0,2],"6":[2,2,0],"7":[0,2],"8":[2,2],"9":[2,2],"10":[56,0],"11":[56,0],"12":[0,56],"13":[56,56,56],"14":[2,0],"15":[15,0,0,0],"16":[0,0],"17":[0,0],"18":[0,0],"19":[0,0],"20":[0,0],"21":[0,0],"22":[0,0],"23":[0,0],"24":[0,0],"25":[0,0],"26":[0,0],"27":[0,0],"28":[0,0],"29":[0,0],"30":[0,0],"31":[0,0],"32":[0,0],"33":[15,0],"34":[2,0],"35":[0,0],"36":[0,0],"37":[0,1],"38":[0,1]},"inputSourceMap":null,"_coverageSchema":"1a1c01bbd47fc00a2c39e90264f33305004495a9","hash":"d08d2cd0871049183203059c2d17097b82a82e8c"}
,"/Volumes/My Mac/WorkspaceReactNative/WeatherApp/src/store/actions/search.js": {"path":"/Volumes/My Mac/WorkspaceReactNative/WeatherApp/src/store/actions/search.js","statementMap":{"0":{"start":{"line":1,"column":13},"end":{"line":1,"column":75}},"1":{"start":{"line":1,"column":75},"end":{"line":1,"column":302}},"2":{"start":{"line":3,"column":20},"end":{"line":3,"column":96}},"3":{"start":{"line":4,"column":13},"end":{"line":4,"column":53}},"4":{"start":{"line":5,"column":14},"end":{"line":5,"column":64}},"5":{"start":{"line":5,"column":103},"end":{"line":5,"column":157}},"6":{"start":{"line":7,"column":26},"end":{"line":7,"column":47}},"7":{"start":{"line":7,"column":48},"end":{"line":7,"column":98}},"8":{"start":{"line":8,"column":24},"end":{"line":8,"column":43}},"9":{"start":{"line":8,"column":44},"end":{"line":8,"column":90}},"10":{"start":{"line":9,"column":21},"end":{"line":9,"column":37}},"11":{"start":{"line":9,"column":38},"end":{"line":9,"column":78}},"12":{"start":{"line":20,"column":24},"end":{"line":25,"column":1}},"13":{"start":{"line":21,"column":2},"end":{"line":23,"column":31}},"14":{"start":{"line":25,"column":2},"end":{"line":25,"column":48}},"15":{"start":{"line":32,"column":22},"end":{"line":37,"column":1}},"16":{"start":{"line":33,"column":2},"end":{"line":35,"column":33}},"17":{"start":{"line":37,"column":2},"end":{"line":37,"column":44}},"18":{"start":{"line":44,"column":19},"end":{"line":49,"column":1}},"19":{"start":{"line":45,"column":2},"end":{"line":47,"column":27}},"20":{"start":{"line":49,"column":2},"end":{"line":49,"column":38}},"21":{"start":{"line":57,"column":22},"end":{"line":79,"column":1}},"22":{"start":{"line":58,"column":2},"end":{"line":76,"column":161}},"23":{"start":{"line":58,"column":62},"end":{"line":76,"column":159}},"24":{"start":{"line":58,"column":123},"end":{"line":76,"column":124}},"25":{"start":{"line":58,"column":134},"end":{"line":76,"column":123}},"26":{"start":{"line":59,"column":12},"end":{"line":59,"column":69}},"27":{"start":{"line":60,"column":12},"end":{"line":60,"column":41}},"28":{"start":{"line":60,"column":41},"end":{"line":60,"column":59}},"29":{"start":{"line":60,"column":59},"end":{"line":60,"column":77}},"30":{"start":{"line":60,"column":77},"end":{"line":63,"column":77}},"31":{"start":{"line":63,"column":84},"end":{"line":63,"column":109}},"32":{"start":{"line":67,"column":12},"end":{"line":67,"column":42}},"33":{"start":{"line":68,"column":12},"end":{"line":68,"column":42}},"34":{"start":{"line":69,"column":12},"end":{"line":69,"column":55}},"35":{"start":{"line":70,"column":12},"end":{"line":70,"column":64}},"36":{"start":{"line":70,"column":64},"end":{"line":70,"column":83}},"37":{"start":{"line":70,"column":83},"end":{"line":70,"column":89}},"38":{"start":{"line":70,"column":97},"end":{"line":70,"column":116}},"39":{"start":{"line":70,"column":116},"end":{"line":70,"column":151}},"40":{"start":{"line":73,"column":12},"end":{"line":73,"column":37}},"41":{"start":{"line":74,"column":12},"end":{"line":74,"column":43}},"42":{"start":{"line":75,"column":12},"end":{"line":75,"column":44}},"43":{"start":{"line":76,"column":12},"end":{"line":76,"column":80}},"44":{"start":{"line":76,"column":99},"end":{"line":76,"column":122}},"45":{"start":{"line":79,"column":2},"end":{"line":79,"column":44}},"46":{"start":{"line":86,"column":30},"end":{"line":98,"column":1}},"47":{"start":{"line":87,"column":2},"end":{"line":96,"column":89}},"48":{"start":{"line":87,"column":47},"end":{"line":96,"column":87}},"49":{"start":{"line":87,"column":110},"end":{"line":96,"column":57}},"50":{"start":{"line":87,"column":121},"end":{"line":96,"column":56}},"51":{"start":{"line":87,"column":170},"end":{"line":87,"column":189}},"52":{"start":{"line":87,"column":189},"end":{"line":88,"column":52}},"53":{"start":{"line":88,"column":59},"end":{"line":88,"column":81}},"54":{"start":{"line":89,"column":12},"end":{"line":96,"column":13}},"55":{"start":{"line":90,"column":14},"end":{"line":90,"column":46}},"56":{"start":{"line":91,"column":14},"end":{"line":91,"column":132}},"57":{"start":{"line":93,"column":14},"end":{"line":93,"column":44}},"58":{"start":{"line":94,"column":14},"end":{"line":94,"column":44}},"59":{"start":{"line":95,"column":14},"end":{"line":95,"column":60}},"60":{"start":{"line":96,"column":31},"end":{"line":96,"column":55}},"61":{"start":{"line":98,"column":2},"end":{"line":98,"column":60}},"62":{"start":{"line":105,"column":34},"end":{"line":109,"column":125}},"63":{"start":{"line":105,"column":94},"end":{"line":109,"column":124}},"64":{"start":{"line":105,"column":176},"end":{"line":109,"column":90}},"65":{"start":{"line":105,"column":187},"end":{"line":109,"column":89}},"66":{"start":{"line":105,"column":236},"end":{"line":105,"column":255}},"67":{"start":{"line":105,"column":255},"end":{"line":105,"column":274}},"68":{"start":{"line":105,"column":274},"end":{"line":107,"column":79}},"69":{"start":{"line":107,"column":86},"end":{"line":107,"column":105}},"70":{"start":{"line":107,"column":105},"end":{"line":107,"column":111}},"71":{"start":{"line":107,"column":118},"end":{"line":107,"column":137}},"72":{"start":{"line":107,"column":137},"end":{"line":107,"column":174}},"73":{"start":{"line":109,"column":10},"end":{"line":109,"column":46}},"74":{"start":{"line":109,"column":64},"end":{"line":109,"column":88}}},"fnMap":{"0":{"name":"_interopRequireDefault","decl":{"start":{"line":5,"column":74},"end":{"line":5,"column":96}},"loc":{"start":{"line":5,"column":102},"end":{"line":5,"column":158}},"line":5},"1":{"name":"updateWeatherData","decl":{"start":{"line":20,"column":33},"end":{"line":20,"column":50}},"loc":{"start":{"line":20,"column":64},"end":{"line":25,"column":1}},"line":20},"2":{"name":"setErrorMessage","decl":{"start":{"line":32,"column":31},"end":{"line":32,"column":46}},"loc":{"start":{"line":32,"column":61},"end":{"line":37,"column":1}},"line":32},"3":{"name":"setIsLoading","decl":{"start":{"line":44,"column":28},"end":{"line":44,"column":40}},"loc":{"start":{"line":44,"column":52},"end":{"line":49,"column":1}},"line":44},"4":{"name":"searchByPincode","decl":{"start":{"line":57,"column":31},"end":{"line":57,"column":46}},"loc":{"start":{"line":57,"column":56},"end":{"line":79,"column":1}},"line":57},"5":{"name":"_callee","decl":{"start":{"line":58,"column":18},"end":{"line":58,"column":25}},"loc":{"start":{"line":58,"column":36},"end":{"line":76,"column":160}},"line":58},"6":{"name":"_callee$","decl":{"start":{"line":58,"column":103},"end":{"line":58,"column":111}},"loc":{"start":{"line":58,"column":122},"end":{"line":76,"column":125}},"line":58},"7":{"name":"getDataFromLocalStorage","decl":{"start":{"line":86,"column":39},"end":{"line":86,"column":62}},"loc":{"start":{"line":86,"column":72},"end":{"line":98,"column":1}},"line":86},"8":{"name":"_callee2","decl":{"start":{"line":87,"column":18},"end":{"line":87,"column":26}},"loc":{"start":{"line":87,"column":37},"end":{"line":96,"column":88}},"line":87},"9":{"name":"_callee2$","decl":{"start":{"line":87,"column":88},"end":{"line":87,"column":97}},"loc":{"start":{"line":87,"column":109},"end":{"line":96,"column":58}},"line":87},"10":{"name":"saveLastSuccessfulFetchData","decl":{"start":{"line":105,"column":43},"end":{"line":105,"column":70}},"loc":{"start":{"line":105,"column":93},"end":{"line":109,"column":125}},"line":105},"11":{"name":"saveLastSuccessfulFetchData$","decl":{"start":{"line":105,"column":135},"end":{"line":105,"column":163}},"loc":{"start":{"line":105,"column":175},"end":{"line":109,"column":91}},"line":105}},"branchMap":{"0":{"loc":{"start":{"line":5,"column":110},"end":{"line":5,"column":156}},"type":"cond-expr","locations":[{"start":{"line":5,"column":134},"end":{"line":5,"column":137}},{"start":{"line":5,"column":140},"end":{"line":5,"column":156}}],"line":5},"1":{"loc":{"start":{"line":5,"column":110},"end":{"line":5,"column":131}},"type":"binary-expr","locations":[{"start":{"line":5,"column":110},"end":{"line":5,"column":113}},{"start":{"line":5,"column":117},"end":{"line":5,"column":131}}],"line":5},"2":{"loc":{"start":{"line":58,"column":134},"end":{"line":76,"column":123}},"type":"switch","locations":[{"start":{"line":58,"column":174},"end":{"line":63,"column":77}},{"start":{"line":63,"column":77},"end":{"line":70,"column":89}},{"start":{"line":70,"column":89},"end":{"line":76,"column":80}},{"start":{"line":76,"column":80},"end":{"line":76,"column":88}},{"start":{"line":76,"column":88},"end":{"line":76,"column":122}}],"line":58},"3":{"loc":{"start":{"line":87,"column":121},"end":{"line":96,"column":56}},"type":"switch","locations":[{"start":{"line":87,"column":163},"end":{"line":88,"column":52}},{"start":{"line":88,"column":52},"end":{"line":96,"column":13}},{"start":{"line":96,"column":13},"end":{"line":96,"column":20}},{"start":{"line":96,"column":20},"end":{"line":96,"column":55}}],"line":87},"4":{"loc":{"start":{"line":89,"column":12},"end":{"line":96,"column":13}},"type":"if","locations":[{"start":{"line":89,"column":12},"end":{"line":96,"column":13}},{"start":{"line":89,"column":12},"end":{"line":96,"column":13}}],"line":89},"5":{"loc":{"start":{"line":105,"column":187},"end":{"line":109,"column":89}},"type":"switch","locations":[{"start":{"line":105,"column":229},"end":{"line":107,"column":79}},{"start":{"line":107,"column":79},"end":{"line":107,"column":111}},{"start":{"line":107,"column":111},"end":{"line":109,"column":46}},{"start":{"line":109,"column":46},"end":{"line":109,"column":53}},{"start":{"line":109,"column":53},"end":{"line":109,"column":88}}],"line":105}},"s":{"0":4,"1":4,"2":4,"3":4,"4":4,"5":12,"6":4,"7":4,"8":4,"9":4,"10":4,"11":4,"12":4,"13":3,"14":4,"15":4,"16":3,"17":4,"18":4,"19":4,"20":4,"21":4,"22":1,"23":1,"24":2,"25":3,"26":1,"27":1,"28":1,"29":1,"30":1,"31":1,"32":1,"33":1,"34":1,"35":1,"36":1,"37":1,"38":0,"39":0,"40":0,"41":0,"42":0,"43":0,"44":1,"45":4,"46":4,"47":1,"48":1,"49":2,"50":2,"51":1,"52":1,"53":1,"54":1,"55":0,"56":0,"57":1,"58":1,"59":1,"60":1,"61":4,"62":4,"63":1,"64":2,"65":3,"66":1,"67":1,"68":1,"69":1,"70":1,"71":0,"72":0,"73":0,"74":1},"f":{"0":12,"1":3,"2":3,"3":4,"4":1,"5":1,"6":2,"7":1,"8":1,"9":2,"10":1,"11":2},"b":{"0":[4,8],"1":[12,12],"2":[1,1,0,1,1],"3":[1,1,1,1],"4":[0,1],"5":[1,1,0,1,1]},"inputSourceMap":null,"_coverageSchema":"1a1c01bbd47fc00a2c39e90264f33305004495a9","hash":"52df164a8a3e48d6872c0a5e33115294dd24efb2"}
,"/Volumes/My Mac/WorkspaceReactNative/WeatherApp/src/store/reducers/search.js": {"path":"/Volumes/My Mac/WorkspaceReactNative/WeatherApp/src/store/reducers/search.js","statementMap":{"0":{"start":{"line":1,"column":13},"end":{"line":1,"column":75}},"1":{"start":{"line":1,"column":75},"end":{"line":1,"column":100}},"2":{"start":{"line":1,"column":114},"end":{"line":1,"column":142}},"3":{"start":{"line":7,"column":19},"end":{"line":10,"column":20}},"4":{"start":{"line":13,"column":20},"end":{"line":35,"column":1}},"5":{"start":{"line":13,"column":58},"end":{"line":13,"column":138}},"6":{"start":{"line":13,"column":152},"end":{"line":13,"column":222}},"7":{"start":{"line":14,"column":2},"end":{"line":33,"column":20}},"8":{"start":{"line":17,"column":6},"end":{"line":18,"column":42}},"9":{"start":{"line":22,"column":6},"end":{"line":23,"column":44}},"10":{"start":{"line":27,"column":8},"end":{"line":28,"column":40}},"11":{"start":{"line":33,"column":6},"end":{"line":33,"column":19}},"12":{"start":{"line":37,"column":0},"end":{"line":37,"column":13}},"13":{"start":{"line":37,"column":14},"end":{"line":37,"column":41}}},"fnMap":{"0":{"name":"searchReducer","decl":{"start":{"line":13,"column":29},"end":{"line":13,"column":42}},"loc":{"start":{"line":13,"column":45},"end":{"line":35,"column":1}},"line":13}},"branchMap":{"0":{"loc":{"start":{"line":13,"column":58},"end":{"line":13,"column":138}},"type":"cond-expr","locations":[{"start":{"line":13,"column":111},"end":{"line":13,"column":123}},{"start":{"line":13,"column":126},"end":{"line":13,"column":138}}],"line":13},"1":{"loc":{"start":{"line":13,"column":58},"end":{"line":13,"column":108}},"type":"binary-expr","locations":[{"start":{"line":13,"column":58},"end":{"line":13,"column":78}},{"start":{"line":13,"column":82},"end":{"line":13,"column":108}}],"line":13},"2":{"loc":{"start":{"line":13,"column":152},"end":{"line":13,"column":222}},"type":"cond-expr","locations":[{"start":{"line":13,"column":205},"end":{"line":13,"column":217}},{"start":{"line":13,"column":220},"end":{"line":13,"column":222}}],"line":13},"3":{"loc":{"start":{"line":13,"column":152},"end":{"line":13,"column":202}},"type":"binary-expr","locations":[{"start":{"line":13,"column":152},"end":{"line":13,"column":172}},{"start":{"line":13,"column":176},"end":{"line":13,"column":202}}],"line":13},"4":{"loc":{"start":{"line":14,"column":2},"end":{"line":33,"column":20}},"type":"switch","locations":[{"start":{"line":16,"column":4},"end":{"line":18,"column":42}},{"start":{"line":21,"column":4},"end":{"line":23,"column":44}},{"start":{"line":26,"column":4},"end":{"line":30,"column":7}},{"start":{"line":32,"column":4},"end":{"line":33,"column":19}}],"line":14}},"s":{"0":2,"1":2,"2":2,"3":2,"4":2,"5":8,"6":8,"7":8,"8":1,"9":1,"10":1,"11":5,"12":2,"13":2},"f":{"0":8},"b":{"0":[4,4],"1":[8,8],"2":[8,0],"3":[8,8],"4":[1,1,1,5]},"inputSourceMap":null,"_coverageSchema":"1a1c01bbd47fc00a2c39e90264f33305004495a9","hash":"33b77d838896c30dda96426f47c5e6776b1710b5"}
,"/Volumes/My Mac/WorkspaceReactNative/WeatherApp/src/utils/NetworkUtil.js": {"path":"/Volumes/My Mac/WorkspaceReactNative/WeatherApp/src/utils/NetworkUtil.js","statementMap":{"0":{"start":{"line":1,"column":13},"end":{"line":1,"column":75}},"1":{"start":{"line":1,"column":75},"end":{"line":1,"column":100}},"2":{"start":{"line":1,"column":115},"end":{"line":1,"column":181}},"3":{"start":{"line":1,"column":220},"end":{"line":1,"column":274}},"4":{"start":{"line":1,"column":324},"end":{"line":1,"column":423}},"5":{"start":{"line":1,"column":365},"end":{"line":1,"column":422}},"6":{"start":{"line":1,"column":467},"end":{"line":1,"column":732}},"7":{"start":{"line":1,"column":480},"end":{"line":1,"column":481}},"8":{"start":{"line":1,"column":524},"end":{"line":1,"column":532}},"9":{"start":{"line":1,"column":533},"end":{"line":1,"column":588}},"10":{"start":{"line":1,"column":588},"end":{"line":1,"column":619}},"11":{"start":{"line":1,"column":619},"end":{"line":1,"column":673}},"12":{"start":{"line":1,"column":646},"end":{"line":1,"column":673}},"13":{"start":{"line":1,"column":673},"end":{"line":1,"column":731}},"14":{"start":{"line":1,"column":794},"end":{"line":1,"column":863}},"15":{"start":{"line":1,"column":810},"end":{"line":1,"column":863}},"16":{"start":{"line":1,"column":863},"end":{"line":1,"column":924}},"17":{"start":{"line":1,"column":880},"end":{"line":1,"column":924}},"18":{"start":{"line":1,"column":924},"end":{"line":1,"column":943}},"19":{"start":{"line":2,"column":15},"end":{"line":5,"column":170}},"20":{"start":{"line":2,"column":53},"end":{"line":2,"column":89}},"21":{"start":{"line":2,"column":90},"end":{"line":5,"column":147}},"22":{"start":{"line":3,"column":48},"end":{"line":5,"column":141}},"23":{"start":{"line":3,"column":120},"end":{"line":5,"column":111}},"24":{"start":{"line":3,"column":131},"end":{"line":5,"column":110}},"25":{"start":{"line":3,"column":178},"end":{"line":3,"column":196}},"26":{"start":{"line":3,"column":196},"end":{"line":4,"column":40}},"27":{"start":{"line":4,"column":47},"end":{"line":4,"column":72}},"28":{"start":{"line":4,"column":72},"end":{"line":5,"column":68}},"29":{"start":{"line":5,"column":86},"end":{"line":5,"column":109}},"30":{"start":{"line":5,"column":147},"end":{"line":5,"column":167}},"31":{"start":{"line":5,"column":171},"end":{"line":5,"column":202}}},"fnMap":{"0":{"name":"_interopRequireDefault","decl":{"start":{"line":1,"column":191},"end":{"line":1,"column":213}},"loc":{"start":{"line":1,"column":219},"end":{"line":1,"column":275}},"line":1},"1":{"name":"_classCallCheck","decl":{"start":{"line":1,"column":284},"end":{"line":1,"column":299}},"loc":{"start":{"line":1,"column":323},"end":{"line":1,"column":424}},"line":1},"2":{"name":"_defineProperties","decl":{"start":{"line":1,"column":433},"end":{"line":1,"column":450}},"loc":{"start":{"line":1,"column":466},"end":{"line":1,"column":733}},"line":1},"3":{"name":"_createClass","decl":{"start":{"line":1,"column":742},"end":{"line":1,"column":754}},"loc":{"start":{"line":1,"column":793},"end":{"line":1,"column":944}},"line":1},"4":{"name":"(anonymous_4)","decl":{"start":{"line":2,"column":15},"end":{"line":2,"column":16}},"loc":{"start":{"line":2,"column":27},"end":{"line":5,"column":168}},"line":2},"5":{"name":"NetworkUtils","decl":{"start":{"line":2,"column":37},"end":{"line":2,"column":49}},"loc":{"start":{"line":2,"column":52},"end":{"line":2,"column":90}},"line":2},"6":{"name":"isNetworkAvailable","decl":{"start":{"line":3,"column":13},"end":{"line":3,"column":31}},"loc":{"start":{"line":3,"column":34},"end":{"line":5,"column":142}},"line":3},"7":{"name":"isNetworkAvailable$","decl":{"start":{"line":3,"column":89},"end":{"line":3,"column":108}},"loc":{"start":{"line":3,"column":119},"end":{"line":5,"column":112}},"line":3}},"branchMap":{"0":{"loc":{"start":{"line":1,"column":227},"end":{"line":1,"column":273}},"type":"cond-expr","locations":[{"start":{"line":1,"column":251},"end":{"line":1,"column":254}},{"start":{"line":1,"column":257},"end":{"line":1,"column":273}}],"line":1},"1":{"loc":{"start":{"line":1,"column":227},"end":{"line":1,"column":248}},"type":"binary-expr","locations":[{"start":{"line":1,"column":227},"end":{"line":1,"column":230}},{"start":{"line":1,"column":234},"end":{"line":1,"column":248}}],"line":1},"2":{"loc":{"start":{"line":1,"column":324},"end":{"line":1,"column":423}},"type":"if","locations":[{"start":{"line":1,"column":324},"end":{"line":1,"column":423}},{"start":{"line":1,"column":324},"end":{"line":1,"column":423}}],"line":1},"3":{"loc":{"start":{"line":1,"column":557},"end":{"line":1,"column":587}},"type":"binary-expr","locations":[{"start":{"line":1,"column":557},"end":{"line":1,"column":578}},{"start":{"line":1,"column":582},"end":{"line":1,"column":587}}],"line":1},"4":{"loc":{"start":{"line":1,"column":619},"end":{"line":1,"column":673}},"type":"if","locations":[{"start":{"line":1,"column":619},"end":{"line":1,"column":673}},{"start":{"line":1,"column":619},"end":{"line":1,"column":673}}],"line":1},"5":{"loc":{"start":{"line":1,"column":794},"end":{"line":1,"column":863}},"type":"if","locations":[{"start":{"line":1,"column":794},"end":{"line":1,"column":863}},{"start":{"line":1,"column":794},"end":{"line":1,"column":863}}],"line":1},"6":{"loc":{"start":{"line":1,"column":863},"end":{"line":1,"column":924}},"type":"if","locations":[{"start":{"line":1,"column":863},"end":{"line":1,"column":924}},{"start":{"line":1,"column":863},"end":{"line":1,"column":924}}],"line":1},"7":{"loc":{"start":{"line":3,"column":131},"end":{"line":5,"column":110}},"type":"switch","locations":[{"start":{"line":3,"column":171},"end":{"line":4,"column":40}},{"start":{"line":4,"column":40},"end":{"line":5,"column":68}},{"start":{"line":5,"column":68},"end":{"line":5,"column":75}},{"start":{"line":5,"column":75},"end":{"line":5,"column":109}}],"line":3},"8":{"loc":{"start":{"line":5,"column":14},"end":{"line":5,"column":66}},"type":"binary-expr","locations":[{"start":{"line":5,"column":14},"end":{"line":5,"column":34}},{"start":{"line":5,"column":38},"end":{"line":5,"column":66}}],"line":5}},"s":{"0":3,"1":3,"2":3,"3":3,"4":0,"5":0,"6":3,"7":3,"8":3,"9":3,"10":3,"11":3,"12":3,"13":3,"14":3,"15":0,"16":3,"17":3,"18":3,"19":3,"20":0,"21":3,"22":3,"23":9,"24":9,"25":3,"26":3,"27":3,"28":3,"29":3,"30":3,"31":3},"f":{"0":3,"1":0,"2":3,"3":3,"4":3,"5":0,"6":3,"7":9},"b":{"0":[0,3],"1":[3,3],"2":[0,0],"3":[3,3],"4":[3,0],"5":[0,3],"6":[3,0],"7":[3,3,0,3],"8":[3,2]},"inputSourceMap":null,"_coverageSchema":"1a1c01bbd47fc00a2c39e90264f33305004495a9","hash":"b758230361bca36669c0bda8394b9fd7b00ad245"}
,"/Volumes/My Mac/WorkspaceReactNative/WeatherApp/src/utils/utils.js": {"path":"/Volumes/My Mac/WorkspaceReactNative/WeatherApp/src/utils/utils.js","statementMap":{"0":{"start":{"line":1,"column":13},"end":{"line":1,"column":75}},"1":{"start":{"line":1,"column":75},"end":{"line":1,"column":100}},"2":{"start":{"line":1,"column":114},"end":{"line":1,"column":155}},"3":{"start":{"line":1,"column":194},"end":{"line":1,"column":248}},"4":{"start":{"line":3,"column":12},"end":{"line":17,"column":5}},"5":{"start":{"line":5,"column":22},"end":{"line":5,"column":41}},"6":{"start":{"line":6,"column":4},"end":{"line":6,"column":42}},"7":{"start":{"line":7,"column":4},"end":{"line":7,"column":23}},"8":{"start":{"line":10,"column":25},"end":{"line":10,"column":56}},"9":{"start":{"line":11,"column":4},"end":{"line":11,"column":48}},"10":{"start":{"line":12,"column":4},"end":{"line":12,"column":26}},"11":{"start":{"line":15,"column":21},"end":{"line":15,"column":73}},"12":{"start":{"line":16,"column":4},"end":{"line":16,"column":22}},"13":{"start":{"line":20,"column":0},"end":{"line":20,"column":5}},"14":{"start":{"line":20,"column":6},"end":{"line":20,"column":33}}},"fnMap":{"0":{"name":"_interopRequireDefault","decl":{"start":{"line":1,"column":165},"end":{"line":1,"column":187}},"loc":{"start":{"line":1,"column":193},"end":{"line":1,"column":249}},"line":1},"1":{"name":"toCelsius","decl":{"start":{"line":4,"column":22},"end":{"line":4,"column":31}},"loc":{"start":{"line":4,"column":44},"end":{"line":8,"column":3}},"line":4},"2":{"name":"toFahrenheit","decl":{"start":{"line":9,"column":25},"end":{"line":9,"column":37}},"loc":{"start":{"line":9,"column":50},"end":{"line":13,"column":3}},"line":9},"3":{"name":"dateToFormat","decl":{"start":{"line":14,"column":25},"end":{"line":14,"column":37}},"loc":{"start":{"line":14,"column":50},"end":{"line":17,"column":3}},"line":14}},"branchMap":{"0":{"loc":{"start":{"line":1,"column":201},"end":{"line":1,"column":247}},"type":"cond-expr","locations":[{"start":{"line":1,"column":225},"end":{"line":1,"column":228}},{"start":{"line":1,"column":231},"end":{"line":1,"column":247}}],"line":1},"1":{"loc":{"start":{"line":1,"column":201},"end":{"line":1,"column":222}},"type":"binary-expr","locations":[{"start":{"line":1,"column":201},"end":{"line":1,"column":204}},{"start":{"line":1,"column":208},"end":{"line":1,"column":222}}],"line":1}},"s":{"0":4,"1":4,"2":4,"3":4,"4":4,"5":8,"6":8,"7":8,"8":1,"9":1,"10":1,"11":8,"12":8,"13":4,"14":4},"f":{"0":4,"1":8,"2":1,"3":8},"b":{"0":[0,4],"1":[4,4]},"inputSourceMap":null,"_coverageSchema":"1a1c01bbd47fc00a2c39e90264f33305004495a9","hash":"e1d4fc74ec1ea5d5d6cd497809b9e30414752c06"}
}
