TN:
SF:App.js
FN:17,_interopRequireDefault
FN:26,App
FNF:2
FNH:2
FNDA:5,_interopRequireDefault
FNDA:1,App
DA:1,1
DA:8,1
DA:9,1
DA:10,1
DA:11,1
DA:12,1
DA:13,1
DA:14,1
DA:15,1
DA:16,1
DA:17,5
DA:19,1
DA:23,1
DA:24,1
DA:26,1
DA:27,1
DA:34,1
LF:17
LH:17
BRDA:17,0,0,4
BRDA:17,0,1,1
BRDA:17,1,0,5
BRDA:17,1,1,5
BRF:4
BRH:4
end_of_record
TN:
SF:config.js
FNF:0
FNH:0
DA:1,4
DA:6,4
LF:2
LH:2
BRF:0
BRH:0
end_of_record
TN:
SF:src/components/weatherInfo.js
FN:8,_interopRequireDefault
FN:17,genIcon
FN:58,renderContent
FN:72,renderItem
FN:94,keyExtractor
FN:106,renderError
FN:113,WeatherInfo
FNF:7
FNH:7
FNDA:18,_interopRequireDefault
FNDA:7,genIcon
FNDA:9,renderContent
FNDA:7,renderItem
FNDA:1,keyExtractor
FNDA:2,renderError
FNDA:11,WeatherInfo
DA:1,3
DA:2,3
DA:3,3
DA:4,3
DA:5,3
DA:6,3
DA:7,3
DA:8,18
DA:17,3
DA:18,7
DA:19,7
DA:22,7
DA:24,1
DA:27,1
DA:29,1
DA:30,1
DA:32,1
DA:33,1
DA:35,1
DA:38,1
DA:40,1
DA:41,1
DA:43,1
DA:44,1
DA:46,1
DA:47,1
DA:49,7
DA:58,9
DA:72,7
DA:94,1
DA:106,3
DA:113,3
DA:114,11
DA:115,11
DA:118,11
DA:128,3
LF:36
LH:36
BRDA:8,0,0,12
BRDA:8,0,1,6
BRDA:8,1,0,18
BRDA:8,1,1,18
BRDA:22,2,0,1
BRDA:22,2,1,1
BRDA:22,2,2,1
BRDA:22,2,3,1
BRDA:22,2,4,1
BRDA:22,2,5,1
BRDA:22,2,6,1
BRDA:24,3,0,1
BRDA:24,3,1,0
BRDA:35,4,0,1
BRDA:35,4,1,0
BRDA:61,5,0,6
BRDA:61,5,1,3
BRDA:115,6,0,9
BRDA:115,6,1,2
BRDA:120,7,0,2
BRDA:120,7,1,9
BRF:21
BRH:19
end_of_record
TN:
SF:src/constants/colors.js
FNF:0
FNH:0
DA:1,4
DA:8,4
LF:2
LH:2
BRF:0
BRH:0
end_of_record
TN:
SF:src/constants/styles.js
FN:3,_interopRequireDefault
FNF:1
FNH:1
FNDA:4,_interopRequireDefault
DA:1,4
DA:2,4
DA:3,4
DA:5,4
DA:127,4
LF:5
LH:5
BRDA:3,0,0,4
BRDA:3,0,1,0
BRDA:3,1,0,4
BRDA:3,1,1,4
BRF:4
BRH:3
end_of_record
TN:
SF:src/navigation/NavigationContainer.js
FN:2,_interopRequireDefault
FN:4,NavigationContainer
FNF:2
FNH:2
FNDA:2,_interopRequireDefault
FNDA:1,NavigationContainer
DA:1,1
DA:2,2
DA:4,1
DA:5,1
DA:8,1
LF:5
LH:5
BRDA:2,0,0,1
BRDA:2,0,1,1
BRDA:2,1,0,2
BRDA:2,1,1,2
BRF:4
BRH:4
end_of_record
TN:
SF:src/navigation/WeatherNavigator.js
FN:5,_interopRequireDefault
FNF:1
FNH:1
FNDA:3,_interopRequireDefault
DA:1,1
DA:2,1
DA:3,1
DA:4,1
DA:5,3
DA:7,1
DA:25,1
LF:7
LH:7
BRDA:5,0,0,3
BRDA:5,0,1,0
BRDA:5,1,0,3
BRDA:5,1,1,3
BRF:4
BRH:3
end_of_record
TN:
SF:src/screens/FetchWeatherScreen.js
FN:7,_interopRequireDefault
FN:7,_getRequireWildcardCache
FN:7,_getRequireWildcardCache
FN:7,_interopRequireWildcard
FN:9,FetchWeatherScreen
FN:10,(anonymous_5)
FN:14,(anonymous_6)
FN:18,_callee
FN:18,_callee$
FN:35,(anonymous_9)
FNF:10
FNH:6
FNDA:6,_interopRequireDefault
FNDA:2,_getRequireWildcardCache
FNDA:0,_getRequireWildcardCache
FNDA:4,_interopRequireWildcard
FNDA:1,FetchWeatherScreen
FNDA:2,(anonymous_5)
FNDA:0,(anonymous_6)
FNDA:0,_callee
FNDA:0,_callee$
FNDA:1,(anonymous_9)
DA:1,2
DA:2,2
DA:3,2
DA:4,2
DA:5,2
DA:6,2
DA:7,56
DA:9,2
DA:10,2
DA:11,1
DA:12,1
DA:14,1
DA:15,0
DA:18,1
DA:19,0
DA:20,0
DA:21,0
DA:24,1
DA:35,2
DA:36,1
DA:41,2
LF:21
LH:17
BRDA:7,0,0,6
BRDA:7,0,1,0
BRDA:7,1,0,6
BRDA:7,1,1,6
BRDA:7,2,0,0
BRDA:7,2,1,2
BRDA:7,3,0,2
BRDA:7,3,1,2
BRDA:7,4,0,4
BRDA:7,4,1,4
BRDA:7,5,0,0
BRDA:7,5,1,2
BRDA:7,6,0,2
BRDA:7,6,1,2
BRDA:7,6,2,0
BRDA:7,7,0,0
BRDA:7,7,1,2
BRDA:7,8,0,2
BRDA:7,8,1,2
BRDA:7,9,0,2
BRDA:7,9,1,2
BRDA:7,10,0,56
BRDA:7,10,1,0
BRDA:7,11,0,56
BRDA:7,11,1,0
BRDA:7,12,0,0
BRDA:7,12,1,56
BRDA:7,13,0,56
BRDA:7,13,1,56
BRDA:7,13,2,56
BRDA:7,14,0,2
BRDA:7,14,1,0
BRDA:18,15,0,0
BRDA:18,15,1,0
BRDA:18,15,2,0
BRDA:18,15,3,0
BRDA:20,16,0,0
BRDA:20,16,1,0
BRF:38
BRH:23
end_of_record
TN:
SF:src/screens/PincodeScreen.js
FN:5,_interopRequireDefault
FN:5,_getRequireWildcardCache
FN:5,_getRequireWildcardCache
FN:5,_interopRequireWildcard
FN:5,_slicedToArray
FN:5,_nonIterableRest
FN:5,_unsupportedIterableToArray
FN:5,_arrayLikeToArray
FN:5,_iterableToArrayLimit
FN:5,_arrayWithHoles
FN:10,PincodeScreen
FN:12,validation
FN:37,onChangeText
FN:38,onSubmitEditing
FN:49,onPress
FNF:15
FNH:10
FNDA:4,_interopRequireDefault
FNDA:2,_getRequireWildcardCache
FNDA:0,_getRequireWildcardCache
FNDA:2,_interopRequireWildcard
FNDA:15,_slicedToArray
FNDA:0,_nonIterableRest
FNDA:0,_unsupportedIterableToArray
FNDA:0,_arrayLikeToArray
FNDA:0,_iterableToArrayLimit
FNDA:15,_arrayWithHoles
FNDA:15,PincodeScreen
FNDA:2,validation
FNDA:1,onChangeText
FNDA:1,onSubmitEditing
FNDA:1,onPress
DA:1,2
DA:2,2
DA:3,2
DA:4,2
DA:5,56
DA:10,2
DA:11,15
DA:12,15
DA:13,2
DA:14,2
DA:15,2
DA:16,0
DA:17,0
DA:18,0
DA:20,0
DA:22,15
DA:37,1
DA:38,1
DA:49,1
DA:64,2
LF:20
LH:16
BRDA:5,0,0,4
BRDA:5,0,1,0
BRDA:5,1,0,4
BRDA:5,1,1,4
BRDA:5,2,0,0
BRDA:5,2,1,2
BRDA:5,3,0,0
BRDA:5,3,1,2
BRDA:5,4,0,2
BRDA:5,4,1,2
BRDA:5,5,0,0
BRDA:5,5,1,2
BRDA:5,6,0,2
BRDA:5,6,1,2
BRDA:5,6,2,0
BRDA:5,7,0,0
BRDA:5,7,1,2
BRDA:5,8,0,2
BRDA:5,8,1,2
BRDA:5,9,0,2
BRDA:5,9,1,2
BRDA:5,10,0,56
BRDA:5,10,1,0
BRDA:5,11,0,56
BRDA:5,11,1,0
BRDA:5,12,0,0
BRDA:5,12,1,56
BRDA:5,13,0,56
BRDA:5,13,1,56
BRDA:5,13,2,56
BRDA:5,14,0,2
BRDA:5,14,1,0
BRDA:5,15,0,15
BRDA:5,15,1,0
BRDA:5,15,2,0
BRDA:5,15,3,0
BRDA:5,16,0,0
BRDA:5,16,1,0
BRDA:5,17,0,0
BRDA:5,17,1,0
BRDA:5,18,0,0
BRDA:5,18,1,0
BRDA:5,19,0,0
BRDA:5,19,1,0
BRDA:5,20,0,0
BRDA:5,20,1,0
BRDA:5,21,0,0
BRDA:5,21,1,0
BRDA:5,22,0,0
BRDA:5,22,1,0
BRDA:5,23,0,0
BRDA:5,23,1,0
BRDA:5,24,0,0
BRDA:5,24,1,0
BRDA:5,25,0,0
BRDA:5,25,1,0
BRDA:5,26,0,0
BRDA:5,26,1,0
BRDA:5,27,0,0
BRDA:5,27,1,0
BRDA:5,28,0,0
BRDA:5,28,1,0
BRDA:5,29,0,0
BRDA:5,29,1,0
BRDA:5,30,0,0
BRDA:5,30,1,0
BRDA:5,31,0,0
BRDA:5,31,1,0
BRDA:5,32,0,0
BRDA:5,32,1,0
BRDA:5,33,0,15
BRDA:5,33,1,0
BRDA:13,34,0,2
BRDA:13,34,1,0
BRDA:16,35,0,0
BRDA:16,35,1,0
BRDA:16,36,0,0
BRDA:16,36,1,0
BRDA:39,37,0,0
BRDA:39,37,1,1
BRDA:50,38,0,0
BRDA:50,38,1,1
BRF:82
BRH:27
end_of_record
TN:
SF:src/store/actions/search.js
FN:5,_interopRequireDefault
FN:20,updateWeatherData
FN:32,setErrorMessage
FN:44,setIsLoading
FN:57,searchByPincode
FN:58,_callee
FN:58,_callee$
FN:86,getDataFromLocalStorage
FN:87,_callee2
FN:87,_callee2$
FN:105,saveLastSuccessfulFetchData
FN:105,saveLastSuccessfulFetchData$
FNF:12
FNH:12
FNDA:12,_interopRequireDefault
FNDA:3,updateWeatherData
FNDA:3,setErrorMessage
FNDA:4,setIsLoading
FNDA:1,searchByPincode
FNDA:1,_callee
FNDA:2,_callee$
FNDA:1,getDataFromLocalStorage
FNDA:1,_callee2
FNDA:2,_callee2$
FNDA:1,saveLastSuccessfulFetchData
FNDA:2,saveLastSuccessfulFetchData$
DA:1,4
DA:3,4
DA:4,4
DA:5,12
DA:7,4
DA:8,4
DA:9,4
DA:20,4
DA:21,3
DA:25,4
DA:32,4
DA:33,3
DA:37,4
DA:44,4
DA:45,4
DA:49,4
DA:57,4
DA:58,3
DA:59,1
DA:60,1
DA:63,1
DA:67,1
DA:68,1
DA:69,1
DA:70,1
DA:73,0
DA:74,0
DA:75,0
DA:76,1
DA:79,4
DA:86,4
DA:87,2
DA:88,1
DA:89,1
DA:90,0
DA:91,0
DA:93,1
DA:94,1
DA:95,1
DA:96,1
DA:98,4
DA:105,4
DA:107,1
DA:109,1
LF:44
LH:39
BRDA:5,0,0,4
BRDA:5,0,1,8
BRDA:5,1,0,12
BRDA:5,1,1,12
BRDA:58,2,0,1
BRDA:58,2,1,1
BRDA:58,2,2,0
BRDA:58,2,3,1
BRDA:58,2,4,1
BRDA:87,3,0,1
BRDA:87,3,1,1
BRDA:87,3,2,1
BRDA:87,3,3,1
BRDA:89,4,0,0
BRDA:89,4,1,1
BRDA:105,5,0,1
BRDA:105,5,1,1
BRDA:105,5,2,0
BRDA:105,5,3,1
BRDA:105,5,4,1
BRF:20
BRH:17
end_of_record
TN:
SF:src/store/reducers/search.js
FN:13,searchReducer
FNF:1
FNH:1
FNDA:8,searchReducer
DA:1,2
DA:7,2
DA:13,8
DA:14,8
DA:17,1
DA:22,1
DA:27,1
DA:33,5
DA:37,2
LF:9
LH:9
BRDA:13,0,0,4
BRDA:13,0,1,4
BRDA:13,1,0,8
BRDA:13,1,1,8
BRDA:13,2,0,8
BRDA:13,2,1,0
BRDA:13,3,0,8
BRDA:13,3,1,8
BRDA:14,4,0,1
BRDA:14,4,1,1
BRDA:14,4,2,1
BRDA:14,4,3,5
BRF:12
BRH:11
end_of_record
TN:
SF:src/utils/NetworkUtil.js
FN:1,_interopRequireDefault
FN:1,_classCallCheck
FN:1,_defineProperties
FN:1,_createClass
FN:2,(anonymous_4)
FN:2,NetworkUtils
FN:3,isNetworkAvailable
FN:3,isNetworkAvailable$
FNF:8
FNH:6
FNDA:3,_interopRequireDefault
FNDA:0,_classCallCheck
FNDA:3,_defineProperties
FNDA:3,_createClass
FNDA:3,(anonymous_4)
FNDA:0,NetworkUtils
FNDA:3,isNetworkAvailable
FNDA:9,isNetworkAvailable$
DA:1,3
DA:2,3
DA:3,9
DA:4,3
DA:5,3
LF:5
LH:5
BRDA:1,0,0,0
BRDA:1,0,1,3
BRDA:1,1,0,3
BRDA:1,1,1,3
BRDA:1,2,0,0
BRDA:1,2,1,0
BRDA:1,3,0,3
BRDA:1,3,1,3
BRDA:1,4,0,3
BRDA:1,4,1,0
BRDA:1,5,0,0
BRDA:1,5,1,3
BRDA:1,6,0,3
BRDA:1,6,1,0
BRDA:3,7,0,3
BRDA:3,7,1,3
BRDA:3,7,2,0
BRDA:3,7,3,3
BRDA:5,8,0,3
BRDA:5,8,1,2
BRF:20
BRH:13
end_of_record
TN:
SF:src/utils/utils.js
FN:1,_interopRequireDefault
FN:4,toCelsius
FN:9,toFahrenheit
FN:14,dateToFormat
FNF:4
FNH:4
FNDA:4,_interopRequireDefault
FNDA:8,toCelsius
FNDA:1,toFahrenheit
FNDA:8,dateToFormat
DA:1,4
DA:3,4
DA:5,8
DA:6,8
DA:7,8
DA:10,1
DA:11,1
DA:12,1
DA:15,8
DA:16,8
DA:20,4
LF:11
LH:11
BRDA:1,0,0,0
BRDA:1,0,1,4
BRDA:1,1,0,4
BRDA:1,1,1,4
BRF:4
BRH:3
end_of_record
